Analysis & Synthesis report for topLevel
Fri Oct 11 10:42:30 2019
Quartus Prime Version 17.1.0 Build 590 10/25/2017 SJ Lite Edition


---------------------
; Table of Contents ;
---------------------
  1. Legal Notice
  2. Analysis & Synthesis Summary
  3. Analysis & Synthesis Settings
  4. Parallel Compilation
  5. Analysis & Synthesis Source Files Read
  6. Analysis & Synthesis Resource Usage Summary
  7. Analysis & Synthesis Resource Utilization by Entity
  8. General Register Statistics
  9. Inverted Register Statistics
 10. Multiplexer Restructuring Statistics (Restructuring Performed)
 11. Parameter Settings for User Entity Instance: addressDecoder:Decodificador
 12. Parameter Settings for User Entity Instance: contador:BaseTempo1
 13. Parameter Settings for User Entity Instance: contador:BaseTempo2
 14. Parameter Settings for User Entity Instance: processador:Processinho
 15. Parameter Settings for User Entity Instance: processador:Processinho|ula:ULA
 16. Parameter Settings for User Entity Instance: processador:Processinho|mux2x1:MuxPosULA
 17. Parameter Settings for User Entity Instance: processador:Processinho|bancoRegistradores:BancoRegistradores
 18. Parameter Settings for User Entity Instance: processador:Processinho|mux2x1:MuxPC
 19. Parameter Settings for User Entity Instance: processador:Processinho|adder:AdderPC
 20. Parameter Settings for User Entity Instance: processador:Processinho|flip_flop:PC
 21. Parameter Settings for User Entity Instance: rom:ROM0
 22. Port Connectivity Checks: "processador:Processinho|UnidadeControle:UC"
 23. Port Connectivity Checks: "conversorHex7Seg:DISPLAYhex0"
 24. Port Connectivity Checks: "conversorHex7Seg:DISPLAYhex7"
 25. Port Connectivity Checks: "conversorHex7Seg:DISPLAYhex6"
 26. Port Connectivity Checks: "conversorHex7Seg:DISPLAYhex5"
 27. Port Connectivity Checks: "conversorHex7Seg:DISPLAYhex4"
 28. Port Connectivity Checks: "conversorHex7Seg:DISPLAYhex3"
 29. Port Connectivity Checks: "conversorHex7Seg:DISPLAYhex2"
 30. Port Connectivity Checks: "registrador1bitr:RegBaseTempo"
 31. Port Connectivity Checks: "addressDecoder:Decodificador"
 32. Post-Synthesis Netlist Statistics for Top Partition
 33. Elapsed Time Per Partition
 34. Analysis & Synthesis Messages



----------------
; Legal Notice ;
----------------
Copyright (C) 2017  Intel Corporation. All rights reserved.
Your use of Intel Corporation's design tools, logic functions 
and other software and tools, and its AMPP partner logic 
functions, and any output files from any of the foregoing 
(including device programming or simulation files), and any 
associated documentation or information are expressly subject 
to the terms and conditions of the Intel Program License 
Subscription Agreement, the Intel Quartus Prime License Agreement,
the Intel FPGA IP License Agreement, or other applicable license
agreement, including, without limitation, that your use is for
the sole purpose of programming logic devices manufactured by
Intel and sold by Intel or its authorized distributors.  Please
refer to the applicable agreement for further details.



+----------------------------------------------------------------------------------+
; Analysis & Synthesis Summary                                                     ;
+------------------------------------+---------------------------------------------+
; Analysis & Synthesis Status        ; Successful - Fri Oct 11 10:42:30 2019       ;
; Quartus Prime Version              ; 17.1.0 Build 590 10/25/2017 SJ Lite Edition ;
; Revision Name                      ; topLevel                                    ;
; Top-level Entity Name              ; topLevel                                    ;
; Family                             ; Cyclone IV E                                ;
; Total logic elements               ; 281                                         ;
;     Total combinational functions  ; 242                                         ;
;     Dedicated logic registers      ; 131                                         ;
; Total registers                    ; 131                                         ;
; Total pins                         ; 98                                          ;
; Total virtual pins                 ; 0                                           ;
; Total memory bits                  ; 0                                           ;
; Embedded Multiplier 9-bit elements ; 0                                           ;
; Total PLLs                         ; 0                                           ;
+------------------------------------+---------------------------------------------+


+----------------------------------------------------------------------------------------------------------------------+
; Analysis & Synthesis Settings                                                                                        ;
+----------------------------------------------------------------------------+--------------------+--------------------+
; Option                                                                     ; Setting            ; Default Value      ;
+----------------------------------------------------------------------------+--------------------+--------------------+
; Device                                                                     ; EP4CE115F29C7      ;                    ;
; Top-level entity name                                                      ; topLevel           ; topLevel           ;
; Family name                                                                ; Cyclone IV E       ; Cyclone V          ;
; Maximum processors allowed for parallel compilation                        ; 4                  ;                    ;
; VHDL Show LMF Mapping Messages                                             ; Off                ;                    ;
; VHDL Version                                                               ; VHDL_2008          ; VHDL_1993          ;
; Use smart compilation                                                      ; Off                ; Off                ;
; Enable parallel Assembler and TimeQuest Timing Analyzer during compilation ; On                 ; On                 ;
; Enable compact report table                                                ; Off                ; Off                ;
; Restructure Multiplexers                                                   ; Auto               ; Auto               ;
; Create Debugging Nodes for IP Cores                                        ; Off                ; Off                ;
; Preserve fewer node names                                                  ; On                 ; On                 ;
; Intel FPGA IP Evaluation Mode                                              ; Enable             ; Enable             ;
; Verilog Version                                                            ; Verilog_2001       ; Verilog_2001       ;
; State Machine Processing                                                   ; Auto               ; Auto               ;
; Safe State Machine                                                         ; Off                ; Off                ;
; Extract Verilog State Machines                                             ; On                 ; On                 ;
; Extract VHDL State Machines                                                ; On                 ; On                 ;
; Ignore Verilog initial constructs                                          ; Off                ; Off                ;
; Iteration limit for constant Verilog loops                                 ; 5000               ; 5000               ;
; Iteration limit for non-constant Verilog loops                             ; 250                ; 250                ;
; Add Pass-Through Logic to Inferred RAMs                                    ; On                 ; On                 ;
; Infer RAMs from Raw Logic                                                  ; On                 ; On                 ;
; Parallel Synthesis                                                         ; On                 ; On                 ;
; DSP Block Balancing                                                        ; Auto               ; Auto               ;
; NOT Gate Push-Back                                                         ; On                 ; On                 ;
; Power-Up Don't Care                                                        ; On                 ; On                 ;
; Remove Redundant Logic Cells                                               ; Off                ; Off                ;
; Remove Duplicate Registers                                                 ; On                 ; On                 ;
; Ignore CARRY Buffers                                                       ; Off                ; Off                ;
; Ignore CASCADE Buffers                                                     ; Off                ; Off                ;
; Ignore GLOBAL Buffers                                                      ; Off                ; Off                ;
; Ignore ROW GLOBAL Buffers                                                  ; Off                ; Off                ;
; Ignore LCELL Buffers                                                       ; Off                ; Off                ;
; Ignore SOFT Buffers                                                        ; On                 ; On                 ;
; Limit AHDL Integers to 32 Bits                                             ; Off                ; Off                ;
; Optimization Technique                                                     ; Balanced           ; Balanced           ;
; Carry Chain Length                                                         ; 70                 ; 70                 ;
; Auto Carry Chains                                                          ; On                 ; On                 ;
; Auto Open-Drain Pins                                                       ; On                 ; On                 ;
; Perform WYSIWYG Primitive Resynthesis                                      ; Off                ; Off                ;
; Auto ROM Replacement                                                       ; On                 ; On                 ;
; Auto RAM Replacement                                                       ; On                 ; On                 ;
; Auto DSP Block Replacement                                                 ; On                 ; On                 ;
; Auto Shift Register Replacement                                            ; Auto               ; Auto               ;
; Allow Shift Register Merging across Hierarchies                            ; Auto               ; Auto               ;
; Auto Clock Enable Replacement                                              ; On                 ; On                 ;
; Strict RAM Replacement                                                     ; Off                ; Off                ;
; Allow Synchronous Control Signals                                          ; On                 ; On                 ;
; Force Use of Synchronous Clear Signals                                     ; Off                ; Off                ;
; Auto RAM Block Balancing                                                   ; On                 ; On                 ;
; Auto RAM to Logic Cell Conversion                                          ; Off                ; Off                ;
; Auto Resource Sharing                                                      ; Off                ; Off                ;
; Allow Any RAM Size For Recognition                                         ; Off                ; Off                ;
; Allow Any ROM Size For Recognition                                         ; Off                ; Off                ;
; Allow Any Shift Register Size For Recognition                              ; Off                ; Off                ;
; Use LogicLock Constraints during Resource Balancing                        ; On                 ; On                 ;
; Ignore translate_off and synthesis_off directives                          ; Off                ; Off                ;
; Timing-Driven Synthesis                                                    ; On                 ; On                 ;
; Report Parameter Settings                                                  ; On                 ; On                 ;
; Report Source Assignments                                                  ; On                 ; On                 ;
; Report Connectivity Checks                                                 ; On                 ; On                 ;
; Ignore Maximum Fan-Out Assignments                                         ; Off                ; Off                ;
; Synchronization Register Chain Length                                      ; 2                  ; 2                  ;
; Power Optimization During Synthesis                                        ; Normal compilation ; Normal compilation ;
; HDL message level                                                          ; Level2             ; Level2             ;
; Suppress Register Optimization Related Messages                            ; Off                ; Off                ;
; Number of Removed Registers Reported in Synthesis Report                   ; 5000               ; 5000               ;
; Number of Swept Nodes Reported in Synthesis Report                         ; 5000               ; 5000               ;
; Number of Inverted Registers Reported in Synthesis Report                  ; 100                ; 100                ;
; Clock MUX Protection                                                       ; On                 ; On                 ;
; Auto Gated Clock Conversion                                                ; Off                ; Off                ;
; Block Design Naming                                                        ; Auto               ; Auto               ;
; SDC constraint protection                                                  ; Off                ; Off                ;
; Synthesis Effort                                                           ; Auto               ; Auto               ;
; Shift Register Replacement - Allow Asynchronous Clear Signal               ; On                 ; On                 ;
; Pre-Mapping Resynthesis Optimization                                       ; Off                ; Off                ;
; Analysis & Synthesis Message Level                                         ; Medium             ; Medium             ;
; Disable Register Merging Across Hierarchies                                ; Auto               ; Auto               ;
; Resource Aware Inference For Block RAM                                     ; On                 ; On                 ;
+----------------------------------------------------------------------------+--------------------+--------------------+


+------------------------------------------+
; Parallel Compilation                     ;
+----------------------------+-------------+
; Processors                 ; Number      ;
+----------------------------+-------------+
; Number detected on machine ; 8           ;
; Maximum allowed            ; 4           ;
;                            ;             ;
; Average used               ; 1.00        ;
; Maximum used               ; 4           ;
;                            ;             ;
; Usage by Processor         ; % Time Used ;
;     Processor 1            ; 100.0%      ;
;     Processors 2-4         ;   0.0%      ;
+----------------------------+-------------+


+-------------------------------------------------------------------------------------------------------------------------------------------------------------------------------------------+
; Analysis & Synthesis Source Files Read                                                                                                                                                    ;
+----------------------------------+-----------------+-----------------+----------------------------------------------------------------------------------------------------------+---------+
; File Name with User-Entered Path ; Used in Netlist ; File Type       ; File Name with Absolute Path                                                                             ; Library ;
+----------------------------------+-----------------+-----------------+----------------------------------------------------------------------------------------------------------+---------+
; UnidadeControle.vhd              ; yes             ; User VHDL File  ; C:/Users/jorge/Desktop/Insper/Design de Computadores/descomp/componentes/topLevel/UnidadeControle.vhd    ;         ;
; ULA.vhd                          ; yes             ; User VHDL File  ; C:/Users/jorge/Desktop/Insper/Design de Computadores/descomp/componentes/topLevel/ULA.vhd                ;         ;
; topLevel.vhd                     ; yes             ; User VHDL File  ; C:/Users/jorge/Desktop/Insper/Design de Computadores/descomp/componentes/topLevel/topLevel.vhd           ;         ;
; rom.vhd                          ; yes             ; User VHDL File  ; C:/Users/jorge/Desktop/Insper/Design de Computadores/descomp/componentes/topLevel/rom.vhd                ;         ;
; registrador1bit.vhd              ; yes             ; User VHDL File  ; C:/Users/jorge/Desktop/Insper/Design de Computadores/descomp/componentes/topLevel/registrador1bit.vhd    ;         ;
; registrador.vhd                  ; yes             ; User VHDL File  ; C:/Users/jorge/Desktop/Insper/Design de Computadores/descomp/componentes/topLevel/registrador.vhd        ;         ;
; processador.vhd                  ; yes             ; User VHDL File  ; C:/Users/jorge/Desktop/Insper/Design de Computadores/descomp/componentes/topLevel/processador.vhd        ;         ;
; mux1bit.vhd                      ; yes             ; User VHDL File  ; C:/Users/jorge/Desktop/Insper/Design de Computadores/descomp/componentes/topLevel/mux1bit.vhd            ;         ;
; flip_flop.vhd                    ; yes             ; User VHDL File  ; C:/Users/jorge/Desktop/Insper/Design de Computadores/descomp/componentes/topLevel/flip_flop.vhd          ;         ;
; flipFlop1bit.vhd                 ; yes             ; User VHDL File  ; C:/Users/jorge/Desktop/Insper/Design de Computadores/descomp/componentes/topLevel/flipFlop1bit.vhd       ;         ;
; dmux.vhd                         ; yes             ; User VHDL File  ; C:/Users/jorge/Desktop/Insper/Design de Computadores/descomp/componentes/topLevel/dmux.vhd               ;         ;
; conversorHex7seg.vhd             ; yes             ; User VHDL File  ; C:/Users/jorge/Desktop/Insper/Design de Computadores/descomp/componentes/topLevel/conversorHex7seg.vhd   ;         ;
; contador.vhd                     ; yes             ; User VHDL File  ; C:/Users/jorge/Desktop/Insper/Design de Computadores/descomp/componentes/topLevel/contador.vhd           ;         ;
; buffer3state.vhd                 ; yes             ; User VHDL File  ; C:/Users/jorge/Desktop/Insper/Design de Computadores/descomp/componentes/topLevel/buffer3state.vhd       ;         ;
; bancoRegistradores.vhd           ; yes             ; User VHDL File  ; C:/Users/jorge/Desktop/Insper/Design de Computadores/descomp/componentes/topLevel/bancoRegistradores.vhd ;         ;
; addressDecoder.vhd               ; yes             ; User VHDL File  ; C:/Users/jorge/Desktop/Insper/Design de Computadores/descomp/componentes/topLevel/addressDecoder.vhd     ;         ;
; adder.vhd                        ; yes             ; User VHDL File  ; C:/Users/jorge/Desktop/Insper/Design de Computadores/descomp/componentes/topLevel/adder.vhd              ;         ;
; botao.vhd                        ; yes             ; User VHDL File  ; C:/Users/jorge/Desktop/Insper/Design de Computadores/descomp/componentes/topLevel/botao.vhd              ;         ;
; registrador1bitr.vhd             ; yes             ; User VHDL File  ; C:/Users/jorge/Desktop/Insper/Design de Computadores/descomp/componentes/topLevel/registrador1bitr.vhd   ;         ;
; mux2x1.vhd                       ; yes             ; User VHDL File  ; C:/Users/jorge/Desktop/Insper/Design de Computadores/descomp/componentes/topLevel/mux2x1.vhd             ;         ;
+----------------------------------+-----------------+-----------------+----------------------------------------------------------------------------------------------------------+---------+


+--------------------------------------------------------------+
; Analysis & Synthesis Resource Usage Summary                  ;
+---------------------------------------------+----------------+
; Resource                                    ; Usage          ;
+---------------------------------------------+----------------+
; Estimated Total logic elements              ; 281            ;
;                                             ;                ;
; Total combinational functions               ; 242            ;
; Logic element usage by number of LUT inputs ;                ;
;     -- 4 input functions                    ; 168            ;
;     -- 3 input functions                    ; 26             ;
;     -- <=2 input functions                  ; 48             ;
;                                             ;                ;
; Logic elements by mode                      ;                ;
;     -- normal mode                          ; 199            ;
;     -- arithmetic mode                      ; 43             ;
;                                             ;                ;
; Total registers                             ; 131            ;
;     -- Dedicated logic registers            ; 131            ;
;     -- I/O registers                        ; 0              ;
;                                             ;                ;
; I/O pins                                    ; 98             ;
;                                             ;                ;
; Embedded Multiplier 9-bit elements          ; 0              ;
;                                             ;                ;
; Maximum fan-out node                        ; CLOCK_50~input ;
; Maximum fan-out                             ; 130            ;
; Total fan-out                               ; 1392           ;
; Average fan-out                             ; 2.45           ;
+---------------------------------------------+----------------+


+----------------------------------------------------------------------------------------------------------------------------------------------------------------------------------------------------------------------------------------------------------------------------------------+
; Analysis & Synthesis Resource Utilization by Entity                                                                                                                                                                                                                                    ;
+-----------------------------------------------+---------------------+---------------------------+-------------+--------------+---------+-----------+------+--------------+-------------------------------------------------------------------------+--------------------+--------------+
; Compilation Hierarchy Node                    ; Combinational ALUTs ; Dedicated Logic Registers ; Memory Bits ; DSP Elements ; DSP 9x9 ; DSP 18x18 ; Pins ; Virtual Pins ; Full Hierarchy Name                                                     ; Entity Name        ; Library Name ;
+-----------------------------------------------+---------------------+---------------------------+-------------+--------------+---------+-----------+------+--------------+-------------------------------------------------------------------------+--------------------+--------------+
; |topLevel                                     ; 242 (0)             ; 131 (0)                   ; 0           ; 0            ; 0       ; 0         ; 98   ; 0            ; |topLevel                                                               ; topLevel           ; work         ;
;    |addressDecoder:Decodificador|             ; 8 (8)               ; 0 (0)                     ; 0           ; 0            ; 0       ; 0         ; 0    ; 0            ; |topLevel|addressDecoder:Decodificador                                  ; addressDecoder     ; work         ;
;    |contador:BaseTempo1|                      ; 30 (30)             ; 25 (25)                   ; 0           ; 0            ; 0       ; 0         ; 0    ; 0            ; |topLevel|contador:BaseTempo1                                           ; contador           ; work         ;
;    |contador:BaseTempo2|                      ; 17 (17)             ; 15 (15)                   ; 0           ; 0            ; 0       ; 0         ; 0    ; 0            ; |topLevel|contador:BaseTempo2                                           ; contador           ; work         ;
;    |conversorHex7Seg:DISPLAYhex0|             ; 7 (7)               ; 7 (7)                     ; 0           ; 0            ; 0       ; 0         ; 0    ; 0            ; |topLevel|conversorHex7Seg:DISPLAYhex0                                  ; conversorHex7Seg   ; work         ;
;    |conversorHex7Seg:DISPLAYhex2|             ; 14 (14)             ; 7 (7)                     ; 0           ; 0            ; 0       ; 0         ; 0    ; 0            ; |topLevel|conversorHex7Seg:DISPLAYhex2                                  ; conversorHex7Seg   ; work         ;
;    |conversorHex7Seg:DISPLAYhex3|             ; 8 (8)               ; 7 (7)                     ; 0           ; 0            ; 0       ; 0         ; 0    ; 0            ; |topLevel|conversorHex7Seg:DISPLAYhex3                                  ; conversorHex7Seg   ; work         ;
;    |conversorHex7Seg:DISPLAYhex4|             ; 6 (6)               ; 7 (7)                     ; 0           ; 0            ; 0       ; 0         ; 0    ; 0            ; |topLevel|conversorHex7Seg:DISPLAYhex4                                  ; conversorHex7Seg   ; work         ;
;    |conversorHex7Seg:DISPLAYhex5|             ; 6 (6)               ; 7 (7)                     ; 0           ; 0            ; 0       ; 0         ; 0    ; 0            ; |topLevel|conversorHex7Seg:DISPLAYhex5                                  ; conversorHex7Seg   ; work         ;
;    |conversorHex7Seg:DISPLAYhex6|             ; 6 (6)               ; 7 (7)                     ; 0           ; 0            ; 0       ; 0         ; 0    ; 0            ; |topLevel|conversorHex7Seg:DISPLAYhex6                                  ; conversorHex7Seg   ; work         ;
;    |conversorHex7Seg:DISPLAYhex7|             ; 6 (6)               ; 7 (7)                     ; 0           ; 0            ; 0       ; 0         ; 0    ; 0            ; |topLevel|conversorHex7Seg:DISPLAYhex7                                  ; conversorHex7Seg   ; work         ;
;    |mux1bit:MuxBaseTempo|                     ; 1 (1)               ; 0 (0)                     ; 0           ; 0            ; 0       ; 0         ; 0    ; 0            ; |topLevel|mux1bit:MuxBaseTempo                                          ; mux1bit            ; work         ;
;    |processador:Processinho|                  ; 54 (2)              ; 41 (0)                    ; 0           ; 0            ; 0       ; 0         ; 0    ; 0            ; |topLevel|processador:Processinho                                       ; processador        ; work         ;
;       |UnidadeControle:UC|                    ; 3 (3)               ; 0 (0)                     ; 0           ; 0            ; 0       ; 0         ; 0    ; 0            ; |topLevel|processador:Processinho|UnidadeControle:UC                    ; UnidadeControle    ; work         ;
;       |bancoRegistradores:BancoRegistradores| ; 28 (28)             ; 32 (32)                   ; 0           ; 0            ; 0       ; 0         ; 0    ; 0            ; |topLevel|processador:Processinho|bancoRegistradores:BancoRegistradores ; bancoRegistradores ; work         ;
;       |flip_flop:PC|                          ; 8 (8)               ; 8 (8)                     ; 0           ; 0            ; 0       ; 0         ; 0    ; 0            ; |topLevel|processador:Processinho|flip_flop:PC                          ; flip_flop          ; work         ;
;       |mux2x1:MuxPosULA|                      ; 8 (8)               ; 0 (0)                     ; 0           ; 0            ; 0       ; 0         ; 0    ; 0            ; |topLevel|processador:Processinho|mux2x1:MuxPosULA                      ; mux2x1             ; work         ;
;       |registrador1bit:RegTroll|              ; 4 (4)               ; 1 (1)                     ; 0           ; 0            ; 0       ; 0         ; 0    ; 0            ; |topLevel|processador:Processinho|registrador1bit:RegTroll              ; registrador1bit    ; work         ;
;       |ula:ULA|                               ; 1 (1)               ; 0 (0)                     ; 0           ; 0            ; 0       ; 0         ; 0    ; 0            ; |topLevel|processador:Processinho|ula:ULA                               ; ula                ; work         ;
;    |registrador1bitr:RegBaseTempo|            ; 0 (0)               ; 1 (1)                     ; 0           ; 0            ; 0       ; 0         ; 0    ; 0            ; |topLevel|registrador1bitr:RegBaseTempo                                 ; registrador1bitr   ; work         ;
;    |rom:ROM0|                                 ; 79 (79)             ; 0 (0)                     ; 0           ; 0            ; 0       ; 0         ; 0    ; 0            ; |topLevel|rom:ROM0                                                      ; rom                ; work         ;
+-----------------------------------------------+---------------------+---------------------------+-------------+--------------+---------+-----------+------+--------------+-------------------------------------------------------------------------+--------------------+--------------+
Note: For table entries with two numbers listed, the numbers in parentheses indicate the number of resources of the given type used by the specific entity alone. The numbers listed outside of parentheses indicate the total resources of the given type used by the specific entity and all of its sub-entities in the hierarchy.


+------------------------------------------------------+
; General Register Statistics                          ;
+----------------------------------------------+-------+
; Statistic                                    ; Value ;
+----------------------------------------------+-------+
; Total registers                              ; 131   ;
; Number of registers using Synchronous Clear  ; 38    ;
; Number of registers using Synchronous Load   ; 8     ;
; Number of registers using Asynchronous Clear ; 1     ;
; Number of registers using Asynchronous Load  ; 0     ;
; Number of registers using Clock Enable       ; 74    ;
; Number of registers using Preset             ; 0     ;
+----------------------------------------------+-------+


+--------------------------------------------------+
; Inverted Register Statistics                     ;
+----------------------------------------+---------+
; Inverted Register                      ; Fan out ;
+----------------------------------------+---------+
; conversorHex7Seg:DISPLAYhex0|HEX[6]    ; 1       ;
; conversorHex7Seg:DISPLAYhex2|HEX[6]    ; 1       ;
; conversorHex7Seg:DISPLAYhex3|HEX[6]    ; 1       ;
; conversorHex7Seg:DISPLAYhex4|HEX[6]    ; 1       ;
; conversorHex7Seg:DISPLAYhex5|HEX[6]    ; 1       ;
; conversorHex7Seg:DISPLAYhex6|HEX[6]    ; 1       ;
; conversorHex7Seg:DISPLAYhex7|HEX[6]    ; 1       ;
; Total number of inverted registers = 7 ;         ;
+----------------------------------------+---------+


+-----------------------------------------------------------------------------------------------------------------------------------------------------------------------+
; Multiplexer Restructuring Statistics (Restructuring Performed)                                                                                                        ;
+--------------------+-----------+---------------+----------------------+------------------------+------------+---------------------------------------------------------+
; Multiplexer Inputs ; Bus Width ; Baseline Area ; Area if Restructured ; Saving if Restructured ; Registered ; Example Multiplexer Output                              ;
+--------------------+-----------+---------------+----------------------+------------------------+------------+---------------------------------------------------------+
; 6:1                ; 3 bits    ; 12 LEs        ; 12 LEs               ; 0 LEs                  ; Yes        ; |topLevel|conversorHex7Seg:DISPLAYhex2|HEX[0]           ;
; 6:1                ; 3 bits    ; 12 LEs        ; 12 LEs               ; 0 LEs                  ; Yes        ; |topLevel|conversorHex7Seg:DISPLAYhex3|HEX[2]           ;
; 6:1                ; 3 bits    ; 12 LEs        ; 12 LEs               ; 0 LEs                  ; Yes        ; |topLevel|conversorHex7Seg:DISPLAYhex4|HEX[2]           ;
; 6:1                ; 3 bits    ; 12 LEs        ; 12 LEs               ; 0 LEs                  ; Yes        ; |topLevel|conversorHex7Seg:DISPLAYhex5|HEX[2]           ;
; 6:1                ; 3 bits    ; 12 LEs        ; 12 LEs               ; 0 LEs                  ; Yes        ; |topLevel|conversorHex7Seg:DISPLAYhex6|HEX[2]           ;
; 6:1                ; 3 bits    ; 12 LEs        ; 12 LEs               ; 0 LEs                  ; Yes        ; |topLevel|conversorHex7Seg:DISPLAYhex7|HEX[2]           ;
; 3:1                ; 4 bits    ; 8 LEs         ; 8 LEs                ; 0 LEs                  ; No         ; |topLevel|processador:Processinho|mux2x1:MuxPosULA|b[0] ;
+--------------------+-----------+---------------+----------------------+------------------------+------------+---------------------------------------------------------+


+---------------------------------------------------------------------------+
; Parameter Settings for User Entity Instance: addressDecoder:Decodificador ;
+----------------+-------+--------------------------------------------------+
; Parameter Name ; Value ; Type                                             ;
+----------------+-------+--------------------------------------------------+
; data_width     ; 4     ; Signed Integer                                   ;
+----------------+-------+--------------------------------------------------+
Note: In order to hide this table in the UI and the text report file, please set the "Show Parameter Settings in Synthesis Report" option in "Analysis and Synthesis Settings -> More Settings" to "Off".


+------------------------------------------------------------------+
; Parameter Settings for User Entity Instance: contador:BaseTempo1 ;
+----------------+----------+--------------------------------------+
; Parameter Name ; Value    ; Type                                 ;
+----------------+----------+--------------------------------------+
; divisor        ; 12500000 ; Signed Integer                       ;
+----------------+----------+--------------------------------------+
Note: In order to hide this table in the UI and the text report file, please set the "Show Parameter Settings in Synthesis Report" option in "Analysis and Synthesis Settings -> More Settings" to "Off".


+------------------------------------------------------------------+
; Parameter Settings for User Entity Instance: contador:BaseTempo2 ;
+----------------+-------+-----------------------------------------+
; Parameter Name ; Value ; Type                                    ;
+----------------+-------+-----------------------------------------+
; divisor        ; 10000 ; Signed Integer                          ;
+----------------+-------+-----------------------------------------+
Note: In order to hide this table in the UI and the text report file, please set the "Show Parameter Settings in Synthesis Report" option in "Analysis and Synthesis Settings -> More Settings" to "Off".


+----------------------------------------------------------------------+
; Parameter Settings for User Entity Instance: processador:Processinho ;
+-------------------+-------+------------------------------------------+
; Parameter Name    ; Value ; Type                                     ;
+-------------------+-------+------------------------------------------+
; instruction_width ; 16    ; Signed Integer                           ;
; rom_width         ; 8     ; Signed Integer                           ;
; dataread_width    ; 4     ; Signed Integer                           ;
; datawrite_width   ; 4     ; Signed Integer                           ;
+-------------------+-------+------------------------------------------+
Note: In order to hide this table in the UI and the text report file, please set the "Show Parameter Settings in Synthesis Report" option in "Analysis and Synthesis Settings -> More Settings" to "Off".


+------------------------------------------------------------------------------+
; Parameter Settings for User Entity Instance: processador:Processinho|ula:ULA ;
+----------------+-------+-----------------------------------------------------+
; Parameter Name ; Value ; Type                                                ;
+----------------+-------+-----------------------------------------------------+
; data_width     ; 4     ; Signed Integer                                      ;
+----------------+-------+-----------------------------------------------------+
Note: In order to hide this table in the UI and the text report file, please set the "Show Parameter Settings in Synthesis Report" option in "Analysis and Synthesis Settings -> More Settings" to "Off".


+---------------------------------------------------------------------------------------+
; Parameter Settings for User Entity Instance: processador:Processinho|mux2x1:MuxPosULA ;
+----------------+-------+--------------------------------------------------------------+
; Parameter Name ; Value ; Type                                                         ;
+----------------+-------+--------------------------------------------------------------+
; dataw          ; 4     ; Signed Integer                                               ;
+----------------+-------+--------------------------------------------------------------+
Note: In order to hide this table in the UI and the text report file, please set the "Show Parameter Settings in Synthesis Report" option in "Analysis and Synthesis Settings -> More Settings" to "Off".


+------------------------------------------------------------------------------------------------------------+
; Parameter Settings for User Entity Instance: processador:Processinho|bancoRegistradores:BancoRegistradores ;
+---------------------+-------+------------------------------------------------------------------------------+
; Parameter Name      ; Value ; Type                                                                         ;
+---------------------+-------+------------------------------------------------------------------------------+
; larguradados        ; 4     ; Signed Integer                                                               ;
; larguraendbancoregs ; 3     ; Signed Integer                                                               ;
+---------------------+-------+------------------------------------------------------------------------------+
Note: In order to hide this table in the UI and the text report file, please set the "Show Parameter Settings in Synthesis Report" option in "Analysis and Synthesis Settings -> More Settings" to "Off".


+-----------------------------------------------------------------------------------+
; Parameter Settings for User Entity Instance: processador:Processinho|mux2x1:MuxPC ;
+----------------+-------+----------------------------------------------------------+
; Parameter Name ; Value ; Type                                                     ;
+----------------+-------+----------------------------------------------------------+
; dataw          ; 8     ; Signed Integer                                           ;
+----------------+-------+----------------------------------------------------------+
Note: In order to hide this table in the UI and the text report file, please set the "Show Parameter Settings in Synthesis Report" option in "Analysis and Synthesis Settings -> More Settings" to "Off".


+------------------------------------------------------------------------------------+
; Parameter Settings for User Entity Instance: processador:Processinho|adder:AdderPC ;
+----------------+-------+-----------------------------------------------------------+
; Parameter Name ; Value ; Type                                                      ;
+----------------+-------+-----------------------------------------------------------+
; data_width     ; 8     ; Signed Integer                                            ;
+----------------+-------+-----------------------------------------------------------+
Note: In order to hide this table in the UI and the text report file, please set the "Show Parameter Settings in Synthesis Report" option in "Analysis and Synthesis Settings -> More Settings" to "Off".


+-----------------------------------------------------------------------------------+
; Parameter Settings for User Entity Instance: processador:Processinho|flip_flop:PC ;
+----------------+-------+----------------------------------------------------------+
; Parameter Name ; Value ; Type                                                     ;
+----------------+-------+----------------------------------------------------------+
; dataw          ; 8     ; Signed Integer                                           ;
+----------------+-------+----------------------------------------------------------+
Note: In order to hide this table in the UI and the text report file, please set the "Show Parameter Settings in Synthesis Report" option in "Analysis and Synthesis Settings -> More Settings" to "Off".


+-------------------------------------------------------+
; Parameter Settings for User Entity Instance: rom:ROM0 ;
+----------------+-------+------------------------------+
; Parameter Name ; Value ; Type                         ;
+----------------+-------+------------------------------+
; data_width     ; 16    ; Signed Integer               ;
; addr_width     ; 8     ; Signed Integer               ;
+----------------+-------+------------------------------+
Note: In order to hide this table in the UI and the text report file, please set the "Show Parameter Settings in Synthesis Report" option in "Analysis and Synthesis Settings -> More Settings" to "Off".


+--------------------------------------------------------------------------------------------------------------------+
; Port Connectivity Checks: "processador:Processinho|UnidadeControle:UC"                                             ;
+----------+--------+----------+-------------------------------------------------------------------------------------+
; Port     ; Type   ; Severity ; Details                                                                             ;
+----------+--------+----------+-------------------------------------------------------------------------------------+
; outdemux ; Output ; Info     ; Connected to dangling logic. Logic that only feeds a dangling port will be removed. ;
+----------+--------+----------+-------------------------------------------------------------------------------------+


+----------------------------------------------------------+
; Port Connectivity Checks: "conversorHex7Seg:DISPLAYhex0" ;
+--------+-------+----------+------------------------------+
; Port   ; Type  ; Severity ; Details                      ;
+--------+-------+----------+------------------------------+
; enable ; Input ; Info     ; Stuck at VCC                 ;
; apaga  ; Input ; Info     ; Stuck at GND                 ;
+--------+-------+----------+------------------------------+


+----------------------------------------------------------+
; Port Connectivity Checks: "conversorHex7Seg:DISPLAYhex7" ;
+-------+-------+----------+-------------------------------+
; Port  ; Type  ; Severity ; Details                       ;
+-------+-------+----------+-------------------------------+
; apaga ; Input ; Info     ; Stuck at GND                  ;
+-------+-------+----------+-------------------------------+


+----------------------------------------------------------+
; Port Connectivity Checks: "conversorHex7Seg:DISPLAYhex6" ;
+-------+-------+----------+-------------------------------+
; Port  ; Type  ; Severity ; Details                       ;
+-------+-------+----------+-------------------------------+
; apaga ; Input ; Info     ; Stuck at GND                  ;
+-------+-------+----------+-------------------------------+


+----------------------------------------------------------+
; Port Connectivity Checks: "conversorHex7Seg:DISPLAYhex5" ;
+-------+-------+----------+-------------------------------+
; Port  ; Type  ; Severity ; Details                       ;
+-------+-------+----------+-------------------------------+
; apaga ; Input ; Info     ; Stuck at GND                  ;
+-------+-------+----------+-------------------------------+


+----------------------------------------------------------+
; Port Connectivity Checks: "conversorHex7Seg:DISPLAYhex4" ;
+-------+-------+----------+-------------------------------+
; Port  ; Type  ; Severity ; Details                       ;
+-------+-------+----------+-------------------------------+
; apaga ; Input ; Info     ; Stuck at GND                  ;
+-------+-------+----------+-------------------------------+


+----------------------------------------------------------+
; Port Connectivity Checks: "conversorHex7Seg:DISPLAYhex3" ;
+-------+-------+----------+-------------------------------+
; Port  ; Type  ; Severity ; Details                       ;
+-------+-------+----------+-------------------------------+
; apaga ; Input ; Info     ; Stuck at GND                  ;
+-------+-------+----------+-------------------------------+


+----------------------------------------------------------+
; Port Connectivity Checks: "conversorHex7Seg:DISPLAYhex2" ;
+-------+-------+----------+-------------------------------+
; Port  ; Type  ; Severity ; Details                       ;
+-------+-------+----------+-------------------------------+
; apaga ; Input ; Info     ; Stuck at GND                  ;
+-------+-------+----------+-------------------------------+


+-----------------------------------------------------------+
; Port Connectivity Checks: "registrador1bitr:RegBaseTempo" ;
+------+-------+----------+---------------------------------+
; Port ; Type  ; Severity ; Details                         ;
+------+-------+----------+---------------------------------+
; d    ; Input ; Info     ; Stuck at VCC                    ;
+------+-------+----------+---------------------------------+


+--------------------------------------------------------------------------------------------------------------------------+
; Port Connectivity Checks: "addressDecoder:Decodificador"                                                                 ;
+----------------+--------+----------+-------------------------------------------------------------------------------------+
; Port           ; Type   ; Severity ; Details                                                                             ;
+----------------+--------+----------+-------------------------------------------------------------------------------------+
; outbasetempo   ; Output ; Info     ; Connected to dangling logic. Logic that only feeds a dangling port will be removed. ;
; outmudahor     ; Output ; Info     ; Connected to dangling logic. Logic that only feeds a dangling port will be removed. ;
; outincmin      ; Output ; Info     ; Connected to dangling logic. Logic that only feeds a dangling port will be removed. ;
; outinchor      ; Output ; Info     ; Connected to dangling logic. Logic that only feeds a dangling port will be removed. ;
; outzeramudahor ; Output ; Info     ; Connected to dangling logic. Logic that only feeds a dangling port will be removed. ;
; outzeraincmin  ; Output ; Info     ; Connected to dangling logic. Logic that only feeds a dangling port will be removed. ;
; outzerainchor  ; Output ; Info     ; Connected to dangling logic. Logic that only feeds a dangling port will be removed. ;
+----------------+--------+----------+-------------------------------------------------------------------------------------+


+-----------------------------------------------------+
; Post-Synthesis Netlist Statistics for Top Partition ;
+-----------------------+-----------------------------+
; Type                  ; Count                       ;
+-----------------------+-----------------------------+
; boundary_port         ; 98                          ;
; cycloneiii_ff         ; 131                         ;
;     CLR               ; 1                           ;
;     ENA               ; 74                          ;
;     SCLR              ; 38                          ;
;     SLD               ; 8                           ;
;     plain             ; 10                          ;
; cycloneiii_lcell_comb ; 253                         ;
;     arith             ; 43                          ;
;         2 data inputs ; 43                          ;
;     normal            ; 210                         ;
;         0 data inputs ; 1                           ;
;         1 data inputs ; 13                          ;
;         2 data inputs ; 2                           ;
;         3 data inputs ; 26                          ;
;         4 data inputs ; 168                         ;
;                       ;                             ;
; Max LUT depth         ; 10.00                       ;
; Average LUT depth     ; 4.59                        ;
+-----------------------+-----------------------------+


+-------------------------------+
; Elapsed Time Per Partition    ;
+----------------+--------------+
; Partition Name ; Elapsed Time ;
+----------------+--------------+
; Top            ; 00:00:03     ;
+----------------+--------------+


+-------------------------------+
; Analysis & Synthesis Messages ;
+-------------------------------+
Info: *******************************************************************
Info: Running Quartus Prime Analysis & Synthesis
    Info: Version 17.1.0 Build 590 10/25/2017 SJ Lite Edition
    Info: Processing started: Fri Oct 11 10:42:10 2019
Info: Command: quartus_map --read_settings_files=on --write_settings_files=off topLevel -c topLevel
Info (20032): Parallel compilation is enabled and will use up to 4 processors
Info (12021): Found 2 design units, including 1 entities, in source file unidadecontrole.vhd
    Info (12022): Found design unit 1: UnidadeControle-UC File: C:/Users/jorge/Desktop/Insper/Design de Computadores/descomp/componentes/topLevel/UnidadeControle.vhd Line: 20
    Info (12023): Found entity 1: UnidadeControle File: C:/Users/jorge/Desktop/Insper/Design de Computadores/descomp/componentes/topLevel/UnidadeControle.vhd Line: 5
Info (12021): Found 2 design units, including 1 entities, in source file ula.vhd
    Info (12022): Found design unit 1: ula-ulaula File: C:/Users/jorge/Desktop/Insper/Design de Computadores/descomp/componentes/topLevel/ULA.vhd Line: 22
    Info (12023): Found entity 1: ula File: C:/Users/jorge/Desktop/Insper/Design de Computadores/descomp/componentes/topLevel/ULA.vhd Line: 5
Info (12021): Found 2 design units, including 1 entities, in source file toplevel.vhd
    Info (12022): Found design unit 1: topLevel-comportamento File: C:/Users/jorge/Desktop/Insper/Design de Computadores/descomp/componentes/topLevel/topLevel.vhd Line: 29
    Info (12023): Found entity 1: topLevel File: C:/Users/jorge/Desktop/Insper/Design de Computadores/descomp/componentes/topLevel/topLevel.vhd Line: 4
Info (12021): Found 2 design units, including 1 entities, in source file rom.vhd
    Info (12022): Found design unit 1: rom-arch_rom File: C:/Users/jorge/Desktop/Insper/Design de Computadores/descomp/componentes/topLevel/rom.vhd Line: 24
    Info (12023): Found entity 1: rom File: C:/Users/jorge/Desktop/Insper/Design de Computadores/descomp/componentes/topLevel/rom.vhd Line: 8
Info (12021): Found 2 design units, including 1 entities, in source file registrador1bit.vhd
    Info (12022): Found design unit 1: registrador1bit-arch_registrador File: C:/Users/jorge/Desktop/Insper/Design de Computadores/descomp/componentes/topLevel/registrador1bit.vhd Line: 16
    Info (12023): Found entity 1: registrador1bit File: C:/Users/jorge/Desktop/Insper/Design de Computadores/descomp/componentes/topLevel/registrador1bit.vhd Line: 5
Info (12021): Found 2 design units, including 1 entities, in source file registrador.vhd
    Info (12022): Found design unit 1: registrador-arch_registrador File: C:/Users/jorge/Desktop/Insper/Design de Computadores/descomp/componentes/topLevel/registrador.vhd Line: 23
    Info (12023): Found entity 1: registrador File: C:/Users/jorge/Desktop/Insper/Design de Computadores/descomp/componentes/topLevel/registrador.vhd Line: 5
Info (12021): Found 2 design units, including 1 entities, in source file processador.vhd
    Info (12022): Found design unit 1: processador-proc File: C:/Users/jorge/Desktop/Insper/Design de Computadores/descomp/componentes/topLevel/processador.vhd Line: 27
    Info (12023): Found entity 1: processador File: C:/Users/jorge/Desktop/Insper/Design de Computadores/descomp/componentes/topLevel/processador.vhd Line: 5
Info (12021): Found 2 design units, including 1 entities, in source file mux1bit.vhd
    Info (12022): Found design unit 1: mux1bit-arch_MUX File: C:/Users/jorge/Desktop/Insper/Design de Computadores/descomp/componentes/topLevel/mux1bit.vhd Line: 24
    Info (12023): Found entity 1: mux1bit File: C:/Users/jorge/Desktop/Insper/Design de Computadores/descomp/componentes/topLevel/mux1bit.vhd Line: 5
Info (12021): Found 2 design units, including 1 entities, in source file flip_flop.vhd
    Info (12022): Found design unit 1: flip_flop-ARCH File: C:/Users/jorge/Desktop/Insper/Design de Computadores/descomp/componentes/topLevel/flip_flop.vhd Line: 20
    Info (12023): Found entity 1: flip_flop File: C:/Users/jorge/Desktop/Insper/Design de Computadores/descomp/componentes/topLevel/flip_flop.vhd Line: 6
Info (12021): Found 2 design units, including 1 entities, in source file flipflop1bit.vhd
    Info (12022): Found design unit 1: flipFlop1bit-ARCH File: C:/Users/jorge/Desktop/Insper/Design de Computadores/descomp/componentes/topLevel/flipFlop1bit.vhd Line: 15
    Info (12023): Found entity 1: flipFlop1bit File: C:/Users/jorge/Desktop/Insper/Design de Computadores/descomp/componentes/topLevel/flipFlop1bit.vhd Line: 6
Info (12021): Found 2 design units, including 1 entities, in source file dmux.vhd
    Info (12022): Found design unit 1: dmux-arch File: C:/Users/jorge/Desktop/Insper/Design de Computadores/descomp/componentes/topLevel/dmux.vhd Line: 23
    Info (12023): Found entity 1: dmux File: C:/Users/jorge/Desktop/Insper/Design de Computadores/descomp/componentes/topLevel/dmux.vhd Line: 5
Info (12021): Found 2 design units, including 1 entities, in source file conversorhex7seg.vhd
    Info (12022): Found design unit 1: conversorHex7Seg-comportamento File: C:/Users/jorge/Desktop/Insper/Design de Computadores/descomp/componentes/topLevel/conversorHex7seg.vhd Line: 19
    Info (12023): Found entity 1: conversorHex7Seg File: C:/Users/jorge/Desktop/Insper/Design de Computadores/descomp/componentes/topLevel/conversorHex7seg.vhd Line: 4
Info (12021): Found 2 design units, including 1 entities, in source file contador.vhd
    Info (12022): Found design unit 1: contador-divInteiro File: C:/Users/jorge/Desktop/Insper/Design de Computadores/descomp/componentes/topLevel/contador.vhd Line: 21
    Info (12023): Found entity 1: contador File: C:/Users/jorge/Desktop/Insper/Design de Computadores/descomp/componentes/topLevel/contador.vhd Line: 5
Info (12021): Found 2 design units, including 1 entities, in source file buffer3state.vhd
    Info (12022): Found design unit 1: buffer3state-arch_buffer3state File: C:/Users/jorge/Desktop/Insper/Design de Computadores/descomp/componentes/topLevel/buffer3state.vhd Line: 14
    Info (12023): Found entity 1: buffer3state File: C:/Users/jorge/Desktop/Insper/Design de Computadores/descomp/componentes/topLevel/buffer3state.vhd Line: 4
Info (12021): Found 2 design units, including 1 entities, in source file bancoregistradores.vhd
    Info (12022): Found design unit 1: bancoRegistradores-arch_bancoRegistradores File: C:/Users/jorge/Desktop/Insper/Design de Computadores/descomp/componentes/topLevel/bancoRegistradores.vhd Line: 26
    Info (12023): Found entity 1: bancoRegistradores File: C:/Users/jorge/Desktop/Insper/Design de Computadores/descomp/componentes/topLevel/bancoRegistradores.vhd Line: 5
Info (12021): Found 2 design units, including 1 entities, in source file addressdecoder.vhd
    Info (12022): Found design unit 1: addressDecoder-endereco File: C:/Users/jorge/Desktop/Insper/Design de Computadores/descomp/componentes/topLevel/addressDecoder.vhd Line: 32
    Info (12023): Found entity 1: addressDecoder File: C:/Users/jorge/Desktop/Insper/Design de Computadores/descomp/componentes/topLevel/addressDecoder.vhd Line: 5
Info (12021): Found 2 design units, including 1 entities, in source file adder.vhd
    Info (12022): Found design unit 1: adder-arch_adder File: C:/Users/jorge/Desktop/Insper/Design de Computadores/descomp/componentes/topLevel/adder.vhd Line: 17
    Info (12023): Found entity 1: adder File: C:/Users/jorge/Desktop/Insper/Design de Computadores/descomp/componentes/topLevel/adder.vhd Line: 5
Info (12021): Found 2 design units, including 1 entities, in source file botao.vhd
    Info (12022): Found design unit 1: botao-arch_registrador File: C:/Users/jorge/Desktop/Insper/Design de Computadores/descomp/componentes/topLevel/botao.vhd Line: 16
    Info (12023): Found entity 1: botao File: C:/Users/jorge/Desktop/Insper/Design de Computadores/descomp/componentes/topLevel/botao.vhd Line: 5
Info (12021): Found 2 design units, including 1 entities, in source file registrador1bitr.vhd
    Info (12022): Found design unit 1: registrador1bitr-arch_registrador File: C:/Users/jorge/Desktop/Insper/Design de Computadores/descomp/componentes/topLevel/registrador1bitr.vhd Line: 17
    Info (12023): Found entity 1: registrador1bitr File: C:/Users/jorge/Desktop/Insper/Design de Computadores/descomp/componentes/topLevel/registrador1bitr.vhd Line: 5
Info (12021): Found 2 design units, including 1 entities, in source file mux2x1.vhd
    Info (12022): Found design unit 1: mux2x1-arch_MUX File: C:/Users/jorge/Desktop/Insper/Design de Computadores/descomp/componentes/topLevel/mux2x1.vhd Line: 29
    Info (12023): Found entity 1: mux2x1 File: C:/Users/jorge/Desktop/Insper/Design de Computadores/descomp/componentes/topLevel/mux2x1.vhd Line: 5
Info (12127): Elaborating entity "topLevel" for the top level hierarchy
Warning (10873): Using initial value X (don't care) for net "LEDR[17]" at topLevel.vhd(13) File: C:/Users/jorge/Desktop/Insper/Design de Computadores/descomp/componentes/topLevel/topLevel.vhd Line: 13
Warning (10873): Using initial value X (don't care) for net "LEDR[13..1]" at topLevel.vhd(13) File: C:/Users/jorge/Desktop/Insper/Design de Computadores/descomp/componentes/topLevel/topLevel.vhd Line: 13
Info (12128): Elaborating entity "addressDecoder" for hierarchy "addressDecoder:Decodificador" File: C:/Users/jorge/Desktop/Insper/Design de Computadores/descomp/componentes/topLevel/topLevel.vhd Line: 64
Info (12128): Elaborating entity "contador" for hierarchy "contador:BaseTempo1" File: C:/Users/jorge/Desktop/Insper/Design de Computadores/descomp/componentes/topLevel/topLevel.vhd Line: 93
Info (12128): Elaborating entity "contador" for hierarchy "contador:BaseTempo2" File: C:/Users/jorge/Desktop/Insper/Design de Computadores/descomp/componentes/topLevel/topLevel.vhd Line: 99
Info (12128): Elaborating entity "mux1bit" for hierarchy "mux1bit:MuxBaseTempo" File: C:/Users/jorge/Desktop/Insper/Design de Computadores/descomp/componentes/topLevel/topLevel.vhd Line: 105
Info (12128): Elaborating entity "registrador1bitr" for hierarchy "registrador1bitr:RegBaseTempo" File: C:/Users/jorge/Desktop/Insper/Design de Computadores/descomp/componentes/topLevel/topLevel.vhd Line: 112
Info (12128): Elaborating entity "conversorHex7Seg" for hierarchy "conversorHex7Seg:DISPLAYhex2" File: C:/Users/jorge/Desktop/Insper/Design de Computadores/descomp/componentes/topLevel/topLevel.vhd Line: 126
Info (12128): Elaborating entity "processador" for hierarchy "processador:Processinho" File: C:/Users/jorge/Desktop/Insper/Design de Computadores/descomp/componentes/topLevel/topLevel.vhd Line: 187
Info (12128): Elaborating entity "UnidadeControle" for hierarchy "processador:Processinho|UnidadeControle:UC" File: C:/Users/jorge/Desktop/Insper/Design de Computadores/descomp/componentes/topLevel/processador.vhd Line: 59
Info (12128): Elaborating entity "ula" for hierarchy "processador:Processinho|ula:ULA" File: C:/Users/jorge/Desktop/Insper/Design de Computadores/descomp/componentes/topLevel/processador.vhd Line: 71
Info (12128): Elaborating entity "mux2x1" for hierarchy "processador:Processinho|mux2x1:MuxPosULA" File: C:/Users/jorge/Desktop/Insper/Design de Computadores/descomp/componentes/topLevel/processador.vhd Line: 80
Info (12128): Elaborating entity "bancoRegistradores" for hierarchy "processador:Processinho|bancoRegistradores:BancoRegistradores" File: C:/Users/jorge/Desktop/Insper/Design de Computadores/descomp/componentes/topLevel/processador.vhd Line: 88
Info (12128): Elaborating entity "mux2x1" for hierarchy "processador:Processinho|mux2x1:MuxPC" File: C:/Users/jorge/Desktop/Insper/Design de Computadores/descomp/componentes/topLevel/processador.vhd Line: 97
Info (12128): Elaborating entity "adder" for hierarchy "processador:Processinho|adder:AdderPC" File: C:/Users/jorge/Desktop/Insper/Design de Computadores/descomp/componentes/topLevel/processador.vhd Line: 105
Info (12128): Elaborating entity "flip_flop" for hierarchy "processador:Processinho|flip_flop:PC" File: C:/Users/jorge/Desktop/Insper/Design de Computadores/descomp/componentes/topLevel/processador.vhd Line: 110
Info (12128): Elaborating entity "registrador1bit" for hierarchy "processador:Processinho|registrador1bit:RegTroll" File: C:/Users/jorge/Desktop/Insper/Design de Computadores/descomp/componentes/topLevel/processador.vhd Line: 116
Info (12128): Elaborating entity "rom" for hierarchy "rom:ROM0" File: C:/Users/jorge/Desktop/Insper/Design de Computadores/descomp/componentes/topLevel/topLevel.vhd Line: 200
Warning (10541): VHDL Signal Declaration warning at rom.vhd(27): used implicit default value for signal "content" because signal was never assigned a value or an explicit default value. Use of implicit default value may introduce unintended design optimizations. File: C:/Users/jorge/Desktop/Insper/Design de Computadores/descomp/componentes/topLevel/rom.vhd Line: 27
Warning (19016): Clock multiplexers are found and protected
    Warning (19017): Found clock multiplexer mux1bit:MuxBaseTempo|b File: C:/Users/jorge/Desktop/Insper/Design de Computadores/descomp/componentes/topLevel/mux1bit.vhd Line: 15
Info (276014): Found 1 instances of uninferred RAM logic
    Info (276004): RAM logic "processador:Processinho|bancoRegistradores:BancoRegistradores|banco" is uninferred due to inappropriate RAM size File: C:/Users/jorge/Desktop/Insper/Design de Computadores/descomp/componentes/topLevel/bancoRegistradores.vhd Line: 33
Warning (13024): Output pins are stuck at VCC or GND
    Warning (13410): Pin "LEDR[1]" is stuck at GND File: C:/Users/jorge/Desktop/Insper/Design de Computadores/descomp/componentes/topLevel/topLevel.vhd Line: 13
    Warning (13410): Pin "LEDR[2]" is stuck at GND File: C:/Users/jorge/Desktop/Insper/Design de Computadores/descomp/componentes/topLevel/topLevel.vhd Line: 13
    Warning (13410): Pin "LEDR[3]" is stuck at GND File: C:/Users/jorge/Desktop/Insper/Design de Computadores/descomp/componentes/topLevel/topLevel.vhd Line: 13
    Warning (13410): Pin "LEDR[4]" is stuck at GND File: C:/Users/jorge/Desktop/Insper/Design de Computadores/descomp/componentes/topLevel/topLevel.vhd Line: 13
    Warning (13410): Pin "LEDR[5]" is stuck at GND File: C:/Users/jorge/Desktop/Insper/Design de Computadores/descomp/componentes/topLevel/topLevel.vhd Line: 13
    Warning (13410): Pin "LEDR[6]" is stuck at GND File: C:/Users/jorge/Desktop/Insper/Design de Computadores/descomp/componentes/topLevel/topLevel.vhd Line: 13
    Warning (13410): Pin "LEDR[7]" is stuck at GND File: C:/Users/jorge/Desktop/Insper/Design de Computadores/descomp/componentes/topLevel/topLevel.vhd Line: 13
    Warning (13410): Pin "LEDR[8]" is stuck at GND File: C:/Users/jorge/Desktop/Insper/Design de Computadores/descomp/componentes/topLevel/topLevel.vhd Line: 13
    Warning (13410): Pin "LEDR[9]" is stuck at GND File: C:/Users/jorge/Desktop/Insper/Design de Computadores/descomp/componentes/topLevel/topLevel.vhd Line: 13
    Warning (13410): Pin "LEDR[10]" is stuck at GND File: C:/Users/jorge/Desktop/Insper/Design de Computadores/descomp/componentes/topLevel/topLevel.vhd Line: 13
    Warning (13410): Pin "LEDR[11]" is stuck at GND File: C:/Users/jorge/Desktop/Insper/Design de Computadores/descomp/componentes/topLevel/topLevel.vhd Line: 13
    Warning (13410): Pin "LEDR[12]" is stuck at GND File: C:/Users/jorge/Desktop/Insper/Design de Computadores/descomp/componentes/topLevel/topLevel.vhd Line: 13
    Warning (13410): Pin "LEDR[13]" is stuck at GND File: C:/Users/jorge/Desktop/Insper/Design de Computadores/descomp/componentes/topLevel/topLevel.vhd Line: 13
    Warning (13410): Pin "LEDR[17]" is stuck at GND File: C:/Users/jorge/Desktop/Insper/Design de Computadores/descomp/componentes/topLevel/topLevel.vhd Line: 13
Info (286030): Timing-Driven Synthesis is running
Info (16010): Generating hard_block partition "hard_block:auto_generated_inst"
    Info (16011): Adding 0 node(s), including 0 DDIO, 0 PLL, 0 transceiver and 0 LCELL
Warning (21074): Design contains 18 input pin(s) that do not drive logic
    Warning (15610): No output dependent on input pin "SW[1]" File: C:/Users/jorge/Desktop/Insper/Design de Computadores/descomp/componentes/topLevel/topLevel.vhd Line: 8
    Warning (15610): No output dependent on input pin "SW[2]" File: C:/Users/jorge/Desktop/Insper/Design de Computadores/descomp/componentes/topLevel/topLevel.vhd Line: 8
    Warning (15610): No output dependent on input pin "SW[3]" File: C:/Users/jorge/Desktop/Insper/Design de Computadores/descomp/componentes/topLevel/topLevel.vhd Line: 8
    Warning (15610): No output dependent on input pin "SW[4]" File: C:/Users/jorge/Desktop/Insper/Design de Computadores/descomp/componentes/topLevel/topLevel.vhd Line: 8
    Warning (15610): No output dependent on input pin "SW[5]" File: C:/Users/jorge/Desktop/Insper/Design de Computadores/descomp/componentes/topLevel/topLevel.vhd Line: 8
    Warning (15610): No output dependent on input pin "SW[6]" File: C:/Users/jorge/Desktop/Insper/Design de Computadores/descomp/componentes/topLevel/topLevel.vhd Line: 8
    Warning (15610): No output dependent on input pin "SW[7]" File: C:/Users/jorge/Desktop/Insper/Design de Computadores/descomp/componentes/topLevel/topLevel.vhd Line: 8
    Warning (15610): No output dependent on input pin "SW[8]" File: C:/Users/jorge/Desktop/Insper/Design de Computadores/descomp/componentes/topLevel/topLevel.vhd Line: 8
    Warning (15610): No output dependent on input pin "SW[9]" File: C:/Users/jorge/Desktop/Insper/Design de Computadores/descomp/componentes/topLevel/topLevel.vhd Line: 8
    Warning (15610): No output dependent on input pin "SW[10]" File: C:/Users/jorge/Desktop/Insper/Design de Computadores/descomp/componentes/topLevel/topLevel.vhd Line: 8
    Warning (15610): No output dependent on input pin "SW[11]" File: C:/Users/jorge/Desktop/Insper/Design de Computadores/descomp/componentes/topLevel/topLevel.vhd Line: 8
    Warning (15610): No output dependent on input pin "SW[12]" File: C:/Users/jorge/Desktop/Insper/Design de Computadores/descomp/componentes/topLevel/topLevel.vhd Line: 8
    Warning (15610): No output dependent on input pin "SW[13]" File: C:/Users/jorge/Desktop/Insper/Design de Computadores/descomp/componentes/topLevel/topLevel.vhd Line: 8
    Warning (15610): No output dependent on input pin "SW[14]" File: C:/Users/jorge/Desktop/Insper/Design de Computadores/descomp/componentes/topLevel/topLevel.vhd Line: 8
    Warning (15610): No output dependent on input pin "SW[15]" File: C:/Users/jorge/Desktop/Insper/Design de Computadores/descomp/componentes/topLevel/topLevel.vhd Line: 8
    Warning (15610): No output dependent on input pin "SW[16]" File: C:/Users/jorge/Desktop/Insper/Design de Computadores/descomp/componentes/topLevel/topLevel.vhd Line: 8
    Warning (15610): No output dependent on input pin "SW[17]" File: C:/Users/jorge/Desktop/Insper/Design de Computadores/descomp/componentes/topLevel/topLevel.vhd Line: 8
    Warning (15610): No output dependent on input pin "KEY[3]" File: C:/Users/jorge/Desktop/Insper/Design de Computadores/descomp/componentes/topLevel/topLevel.vhd Line: 9
Info (21057): Implemented 387 device resources after synthesis - the final resource count might be different
    Info (21058): Implemented 23 input pins
    Info (21059): Implemented 75 output pins
    Info (21061): Implemented 289 logic cells
Info: Quartus Prime Analysis & Synthesis was successful. 0 errors, 39 warnings
    Info: Peak virtual memory: 4797 megabytes
    Info: Processing ended: Fri Oct 11 10:42:30 2019
    Info: Elapsed time: 00:00:20
    Info: Total CPU time (on all processors): 00:00:27


