Assembler report for topLevel
Thu Oct 10 13:34:20 2019
Quartus Prime Version 17.1.0 Build 590 10/25/2017 SJ Lite Edition


---------------------
; Table of Contents ;
---------------------
  1. Legal Notice
  2. Assembler Summary
  3. Assembler Settings
  4. Assembler Generated Files
  5. Assembler Device Options: C:/Users/jorge/Desktop/Insper/Design de Computadores/descomp/componentes/topLevel/topLevel.sof
  6. Assembler Messages



----------------
; Legal Notice ;
----------------
Copyright (C) 2017  Intel Corporation. All rights reserved.
Your use of Intel Corporation's design tools, logic functions 
and other software and tools, and its AMPP partner logic 
functions, and any output files from any of the foregoing 
(including device programming or simulation files), and any 
associated documentation or information are expressly subject 
to the terms and conditions of the Intel Program License 
Subscription Agreement, the Intel Quartus Prime License Agreement,
the Intel FPGA IP License Agreement, or other applicable license
agreement, including, without limitation, that your use is for
the sole purpose of programming logic devices manufactured by
Intel and sold by Intel or its authorized distributors.  Please
refer to the applicable agreement for further details.



+---------------------------------------------------------------+
; Assembler Summary                                             ;
+-----------------------+---------------------------------------+
; Assembler Status      ; Successful - Thu Oct 10 13:34:20 2019 ;
; Revision Name         ; topLevel                              ;
; Top-level Entity Name ; topLevel                              ;
; Family                ; Cyclone IV E                          ;
; Device                ; EP4CE115F29C7                         ;
+-----------------------+---------------------------------------+


+----------------------------------+
; Assembler Settings               ;
+--------+---------+---------------+
; Option ; Setting ; Default Value ;
+--------+---------+---------------+


+------------------------------------------------------------------------------------------------+
; Assembler Generated Files                                                                      ;
+------------------------------------------------------------------------------------------------+
; File Name                                                                                      ;
+------------------------------------------------------------------------------------------------+
; C:/Users/jorge/Desktop/Insper/Design de Computadores/descomp/componentes/topLevel/topLevel.sof ;
+------------------------------------------------------------------------------------------------+


+--------------------------------------------------------------------------------------------------------------------------+
; Assembler Device Options: C:/Users/jorge/Desktop/Insper/Design de Computadores/descomp/componentes/topLevel/topLevel.sof ;
+----------------+---------------------------------------------------------------------------------------------------------+
; Option         ; Setting                                                                                                 ;
+----------------+---------------------------------------------------------------------------------------------------------+
; JTAG usercode  ; 0x00594C9E                                                                                              ;
; Checksum       ; 0x00594C9E                                                                                              ;
+----------------+---------------------------------------------------------------------------------------------------------+


+--------------------+
; Assembler Messages ;
+--------------------+
Info: *******************************************************************
Info: Running Quartus Prime Assembler
    Info: Version 17.1.0 Build 590 10/25/2017 SJ Lite Edition
    Info: Processing started: Thu Oct 10 13:34:17 2019
Info: Command: quartus_asm --read_settings_files=off --write_settings_files=off topLevel -c topLevel
Info (115031): Writing out detailed assembly data for power analysis
Info (115030): Assembler is generating device programming files
Info: Quartus Prime Assembler was successful. 0 errors, 0 warnings
    Info: Peak virtual memory: 4685 megabytes
    Info: Processing ended: Thu Oct 10 13:34:20 2019
    Info: Elapsed time: 00:00:03
    Info: Total CPU time (on all processors): 00:00:03


