Analysis & Synthesis report for topLevel
Mon Oct 07 16:04:41 2019
Quartus Prime Version 18.1.0 Build 625 09/12/2018 SJ Lite Edition


---------------------
; Table of Contents ;
---------------------
  1. Legal Notice
  2. Analysis & Synthesis Summary
  3. Analysis & Synthesis Settings
  4. Parallel Compilation
  5. Analysis & Synthesis Source Files Read
  6. Analysis & Synthesis Resource Usage Summary
  7. Analysis & Synthesis Resource Utilization by Entity
  8. User-Specified and Inferred Latches
  9. Registers Removed During Synthesis
 10. General Register Statistics
 11. Multiplexer Restructuring Statistics (Restructuring Performed)
 12. Parameter Settings for User Entity Instance: addressDecoder:Decodificador
 13. Parameter Settings for User Entity Instance: processador:Processinho
 14. Parameter Settings for User Entity Instance: processador:Processinho|ula:ULA
 15. Parameter Settings for User Entity Instance: processador:Processinho|mux:MuxPosULA
 16. Parameter Settings for User Entity Instance: processador:Processinho|bancoRegistradores:BancoRegistradores
 17. Parameter Settings for User Entity Instance: processador:Processinho|mux:MuxPC
 18. Parameter Settings for User Entity Instance: processador:Processinho|flip_flop:PC
 19. Parameter Settings for User Entity Instance: rom:ROM0
 20. Port Connectivity Checks: "conversorHex7Seg:DISPLAYhex7"
 21. Port Connectivity Checks: "conversorHex7Seg:DISPLAYhex6"
 22. Port Connectivity Checks: "conversorHex7Seg:DISPLAYhex5"
 23. Port Connectivity Checks: "conversorHex7Seg:DISPLAYhex4"
 24. Port Connectivity Checks: "conversorHex7Seg:DISPLAYhex3"
 25. Port Connectivity Checks: "conversorHex7Seg:DISPLAYhex2"
 26. Port Connectivity Checks: "addressDecoder:Decodificador"
 27. Post-Synthesis Netlist Statistics for Top Partition
 28. Elapsed Time Per Partition
 29. Analysis & Synthesis Messages



----------------
; Legal Notice ;
----------------
Copyright (C) 2018  Intel Corporation. All rights reserved.
Your use of Intel Corporation's design tools, logic functions 
and other software and tools, and its AMPP partner logic 
functions, and any output files from any of the foregoing 
(including device programming or simulation files), and any 
associated documentation or information are expressly subject 
to the terms and conditions of the Intel Program License 
Subscription Agreement, the Intel Quartus Prime License Agreement,
the Intel FPGA IP License Agreement, or other applicable license
agreement, including, without limitation, that your use is for
the sole purpose of programming logic devices manufactured by
Intel and sold by Intel or its authorized distributors.  Please
refer to the applicable agreement for further details.



+----------------------------------------------------------------------------------+
; Analysis & Synthesis Summary                                                     ;
+------------------------------------+---------------------------------------------+
; Analysis & Synthesis Status        ; Successful - Mon Oct 07 16:04:41 2019       ;
; Quartus Prime Version              ; 18.1.0 Build 625 09/12/2018 SJ Lite Edition ;
; Revision Name                      ; topLevel                                    ;
; Top-level Entity Name              ; topLevel                                    ;
; Family                             ; Cyclone IV E                                ;
; Total logic elements               ; 152                                         ;
;     Total combinational functions  ; 124                                         ;
;     Dedicated logic registers      ; 68                                          ;
; Total registers                    ; 68                                          ;
; Total pins                         ; 91                                          ;
; Total virtual pins                 ; 0                                           ;
; Total memory bits                  ; 0                                           ;
; Embedded Multiplier 9-bit elements ; 0                                           ;
; Total PLLs                         ; 0                                           ;
+------------------------------------+---------------------------------------------+


+------------------------------------------------------------------------------------------------------------+
; Analysis & Synthesis Settings                                                                              ;
+------------------------------------------------------------------+--------------------+--------------------+
; Option                                                           ; Setting            ; Default Value      ;
+------------------------------------------------------------------+--------------------+--------------------+
; Device                                                           ; EP4CE115F29C7      ;                    ;
; Top-level entity name                                            ; topLevel           ; topLevel           ;
; Family name                                                      ; Cyclone IV E       ; Cyclone V          ;
; VHDL Show LMF Mapping Messages                                   ; Off                ;                    ;
; VHDL Version                                                     ; VHDL_2008          ; VHDL_1993          ;
; Use smart compilation                                            ; Off                ; Off                ;
; Enable parallel Assembler and Timing Analyzer during compilation ; On                 ; On                 ;
; Enable compact report table                                      ; Off                ; Off                ;
; Restructure Multiplexers                                         ; Auto               ; Auto               ;
; Create Debugging Nodes for IP Cores                              ; Off                ; Off                ;
; Preserve fewer node names                                        ; On                 ; On                 ;
; Intel FPGA IP Evaluation Mode                                    ; Enable             ; Enable             ;
; Verilog Version                                                  ; Verilog_2001       ; Verilog_2001       ;
; State Machine Processing                                         ; Auto               ; Auto               ;
; Safe State Machine                                               ; Off                ; Off                ;
; Extract Verilog State Machines                                   ; On                 ; On                 ;
; Extract VHDL State Machines                                      ; On                 ; On                 ;
; Ignore Verilog initial constructs                                ; Off                ; Off                ;
; Iteration limit for constant Verilog loops                       ; 5000               ; 5000               ;
; Iteration limit for non-constant Verilog loops                   ; 250                ; 250                ;
; Add Pass-Through Logic to Inferred RAMs                          ; On                 ; On                 ;
; Infer RAMs from Raw Logic                                        ; On                 ; On                 ;
; Parallel Synthesis                                               ; On                 ; On                 ;
; DSP Block Balancing                                              ; Auto               ; Auto               ;
; NOT Gate Push-Back                                               ; On                 ; On                 ;
; Power-Up Don't Care                                              ; On                 ; On                 ;
; Remove Redundant Logic Cells                                     ; Off                ; Off                ;
; Remove Duplicate Registers                                       ; On                 ; On                 ;
; Ignore CARRY Buffers                                             ; Off                ; Off                ;
; Ignore CASCADE Buffers                                           ; Off                ; Off                ;
; Ignore GLOBAL Buffers                                            ; Off                ; Off                ;
; Ignore ROW GLOBAL Buffers                                        ; Off                ; Off                ;
; Ignore LCELL Buffers                                             ; Off                ; Off                ;
; Ignore SOFT Buffers                                              ; On                 ; On                 ;
; Limit AHDL Integers to 32 Bits                                   ; Off                ; Off                ;
; Optimization Technique                                           ; Balanced           ; Balanced           ;
; Carry Chain Length                                               ; 70                 ; 70                 ;
; Auto Carry Chains                                                ; On                 ; On                 ;
; Auto Open-Drain Pins                                             ; On                 ; On                 ;
; Perform WYSIWYG Primitive Resynthesis                            ; Off                ; Off                ;
; Auto ROM Replacement                                             ; On                 ; On                 ;
; Auto RAM Replacement                                             ; On                 ; On                 ;
; Auto DSP Block Replacement                                       ; On                 ; On                 ;
; Auto Shift Register Replacement                                  ; Auto               ; Auto               ;
; Allow Shift Register Merging across Hierarchies                  ; Auto               ; Auto               ;
; Auto Clock Enable Replacement                                    ; On                 ; On                 ;
; Strict RAM Replacement                                           ; Off                ; Off                ;
; Allow Synchronous Control Signals                                ; On                 ; On                 ;
; Force Use of Synchronous Clear Signals                           ; Off                ; Off                ;
; Auto RAM Block Balancing                                         ; On                 ; On                 ;
; Auto RAM to Logic Cell Conversion                                ; Off                ; Off                ;
; Auto Resource Sharing                                            ; Off                ; Off                ;
; Allow Any RAM Size For Recognition                               ; Off                ; Off                ;
; Allow Any ROM Size For Recognition                               ; Off                ; Off                ;
; Allow Any Shift Register Size For Recognition                    ; Off                ; Off                ;
; Use LogicLock Constraints during Resource Balancing              ; On                 ; On                 ;
; Ignore translate_off and synthesis_off directives                ; Off                ; Off                ;
; Timing-Driven Synthesis                                          ; On                 ; On                 ;
; Report Parameter Settings                                        ; On                 ; On                 ;
; Report Source Assignments                                        ; On                 ; On                 ;
; Report Connectivity Checks                                       ; On                 ; On                 ;
; Ignore Maximum Fan-Out Assignments                               ; Off                ; Off                ;
; Synchronization Register Chain Length                            ; 2                  ; 2                  ;
; Power Optimization During Synthesis                              ; Normal compilation ; Normal compilation ;
; HDL message level                                                ; Level2             ; Level2             ;
; Suppress Register Optimization Related Messages                  ; Off                ; Off                ;
; Number of Removed Registers Reported in Synthesis Report         ; 5000               ; 5000               ;
; Number of Swept Nodes Reported in Synthesis Report               ; 5000               ; 5000               ;
; Number of Inverted Registers Reported in Synthesis Report        ; 100                ; 100                ;
; Clock MUX Protection                                             ; On                 ; On                 ;
; Auto Gated Clock Conversion                                      ; Off                ; Off                ;
; Block Design Naming                                              ; Auto               ; Auto               ;
; SDC constraint protection                                        ; Off                ; Off                ;
; Synthesis Effort                                                 ; Auto               ; Auto               ;
; Shift Register Replacement - Allow Asynchronous Clear Signal     ; On                 ; On                 ;
; Pre-Mapping Resynthesis Optimization                             ; Off                ; Off                ;
; Analysis & Synthesis Message Level                               ; Medium             ; Medium             ;
; Disable Register Merging Across Hierarchies                      ; Auto               ; Auto               ;
; Resource Aware Inference For Block RAM                           ; On                 ; On                 ;
+------------------------------------------------------------------+--------------------+--------------------+


+------------------------------------------+
; Parallel Compilation                     ;
+----------------------------+-------------+
; Processors                 ; Number      ;
+----------------------------+-------------+
; Number detected on machine ; 12          ;
; Maximum allowed            ; 6           ;
;                            ;             ;
; Average used               ; 1.00        ;
; Maximum used               ; 6           ;
;                            ;             ;
; Usage by Processor         ; % Time Used ;
;     Processor 1            ; 100.0%      ;
;     Processor 2            ;   0.0%      ;
;     Processors 3-6         ;   0.0%      ;
+----------------------------+-------------+


+-------------------------------------------------------------------------------------------------------------------------------------------------------------------------------------------------+
; Analysis & Synthesis Source Files Read                                                                                                                                                          ;
+----------------------------------+-----------------+-----------------+----------------------------------------------------------------------------------------------------------------+---------+
; File Name with User-Entered Path ; Used in Netlist ; File Type       ; File Name with Absolute Path                                                                                   ; Library ;
+----------------------------------+-----------------+-----------------+----------------------------------------------------------------------------------------------------------------+---------+
; UnidadeControle.vhd              ; yes             ; User VHDL File  ; C:/Users/LiuSeeker/Desktop/6o-semestre/design-computadores/descomp/componentes/topLevel/UnidadeControle.vhd    ;         ;
; ULA.vhd                          ; yes             ; User VHDL File  ; C:/Users/LiuSeeker/Desktop/6o-semestre/design-computadores/descomp/componentes/topLevel/ULA.vhd                ;         ;
; topLevel.vhd                     ; yes             ; User VHDL File  ; C:/Users/LiuSeeker/Desktop/6o-semestre/design-computadores/descomp/componentes/topLevel/topLevel.vhd           ;         ;
; rom.vhd                          ; yes             ; User VHDL File  ; C:/Users/LiuSeeker/Desktop/6o-semestre/design-computadores/descomp/componentes/topLevel/rom.vhd                ;         ;
; registrador1bit.vhd              ; yes             ; User VHDL File  ; C:/Users/LiuSeeker/Desktop/6o-semestre/design-computadores/descomp/componentes/topLevel/registrador1bit.vhd    ;         ;
; registrador.vhd                  ; yes             ; User VHDL File  ; C:/Users/LiuSeeker/Desktop/6o-semestre/design-computadores/descomp/componentes/topLevel/registrador.vhd        ;         ;
; processador.vhd                  ; yes             ; User VHDL File  ; C:/Users/LiuSeeker/Desktop/6o-semestre/design-computadores/descomp/componentes/topLevel/processador.vhd        ;         ;
; mux1bit.vhd                      ; yes             ; User VHDL File  ; C:/Users/LiuSeeker/Desktop/6o-semestre/design-computadores/descomp/componentes/topLevel/mux1bit.vhd            ;         ;
; mux.vhd                          ; yes             ; User VHDL File  ; C:/Users/LiuSeeker/Desktop/6o-semestre/design-computadores/descomp/componentes/topLevel/mux.vhd                ;         ;
; flip_flop.vhd                    ; yes             ; User VHDL File  ; C:/Users/LiuSeeker/Desktop/6o-semestre/design-computadores/descomp/componentes/topLevel/flip_flop.vhd          ;         ;
; flipFlop1bit.vhd                 ; yes             ; User VHDL File  ; C:/Users/LiuSeeker/Desktop/6o-semestre/design-computadores/descomp/componentes/topLevel/flipFlop1bit.vhd       ;         ;
; dmux.vhd                         ; yes             ; User VHDL File  ; C:/Users/LiuSeeker/Desktop/6o-semestre/design-computadores/descomp/componentes/topLevel/dmux.vhd               ;         ;
; conversorHex7seg.vhd             ; yes             ; User VHDL File  ; C:/Users/LiuSeeker/Desktop/6o-semestre/design-computadores/descomp/componentes/topLevel/conversorHex7seg.vhd   ;         ;
; contador.vhd                     ; yes             ; User VHDL File  ; C:/Users/LiuSeeker/Desktop/6o-semestre/design-computadores/descomp/componentes/topLevel/contador.vhd           ;         ;
; buffer3state4bit.vhd             ; yes             ; User VHDL File  ; C:/Users/LiuSeeker/Desktop/6o-semestre/design-computadores/descomp/componentes/topLevel/buffer3state4bit.vhd   ;         ;
; buffer3state.vhd                 ; yes             ; User VHDL File  ; C:/Users/LiuSeeker/Desktop/6o-semestre/design-computadores/descomp/componentes/topLevel/buffer3state.vhd       ;         ;
; bancoRegistradores.vhd           ; yes             ; User VHDL File  ; C:/Users/LiuSeeker/Desktop/6o-semestre/design-computadores/descomp/componentes/topLevel/bancoRegistradores.vhd ;         ;
; addressDecoder.vhd               ; yes             ; User VHDL File  ; C:/Users/LiuSeeker/Desktop/6o-semestre/design-computadores/descomp/componentes/topLevel/addressDecoder.vhd     ;         ;
; adder.vhd                        ; yes             ; User VHDL File  ; C:/Users/LiuSeeker/Desktop/6o-semestre/design-computadores/descomp/componentes/topLevel/adder.vhd              ;         ;
+----------------------------------+-----------------+-----------------+----------------------------------------------------------------------------------------------------------------+---------+


+-----------------------------------------------------+
; Analysis & Synthesis Resource Usage Summary         ;
+---------------------------------------------+-------+
; Resource                                    ; Usage ;
+---------------------------------------------+-------+
; Estimated Total logic elements              ; 152   ;
;                                             ;       ;
; Total combinational functions               ; 124   ;
; Logic element usage by number of LUT inputs ;       ;
;     -- 4 input functions                    ; 64    ;
;     -- 3 input functions                    ; 20    ;
;     -- <=2 input functions                  ; 40    ;
;                                             ;       ;
; Logic elements by mode                      ;       ;
;     -- normal mode                          ; 92    ;
;     -- arithmetic mode                      ; 32    ;
;                                             ;       ;
; Total registers                             ; 68    ;
;     -- Dedicated logic registers            ; 68    ;
;     -- I/O registers                        ; 0     ;
;                                             ;       ;
; I/O pins                                    ; 91    ;
;                                             ;       ;
; Embedded Multiplier 9-bit elements          ; 0     ;
;                                             ;       ;
; Maximum fan-out node                        ; tick  ;
; Maximum fan-out                             ; 42    ;
; Total fan-out                               ; 685   ;
; Average fan-out                             ; 1.83  ;
+---------------------------------------------+-------+


+----------------------------------------------------------------------------------------------------------------------------------------------------------------------------------------------------------------------------------------------------------------------------------------+
; Analysis & Synthesis Resource Utilization by Entity                                                                                                                                                                                                                                    ;
+-----------------------------------------------+---------------------+---------------------------+-------------+--------------+---------+-----------+------+--------------+-------------------------------------------------------------------------+--------------------+--------------+
; Compilation Hierarchy Node                    ; Combinational ALUTs ; Dedicated Logic Registers ; Memory Bits ; DSP Elements ; DSP 9x9 ; DSP 18x18 ; Pins ; Virtual Pins ; Full Hierarchy Name                                                     ; Entity Name        ; Library Name ;
+-----------------------------------------------+---------------------+---------------------------+-------------+--------------+---------+-----------+------+--------------+-------------------------------------------------------------------------+--------------------+--------------+
; |topLevel                                     ; 124 (49)            ; 68 (27)                   ; 0           ; 0            ; 0       ; 0         ; 91   ; 0            ; |topLevel                                                               ; topLevel           ; work         ;
;    |processador:Processinho|                  ; 59 (1)              ; 41 (0)                    ; 0           ; 0            ; 0       ; 0         ; 0    ; 0            ; |topLevel|processador:Processinho                                       ; processador        ; work         ;
;       |UnidadeControle:UC|                    ; 8 (8)               ; 0 (0)                     ; 0           ; 0            ; 0       ; 0         ; 0    ; 0            ; |topLevel|processador:Processinho|UnidadeControle:UC                    ; UnidadeControle    ; work         ;
;       |bancoRegistradores:BancoRegistradores| ; 26 (26)             ; 32 (32)                   ; 0           ; 0            ; 0       ; 0         ; 0    ; 0            ; |topLevel|processador:Processinho|bancoRegistradores:BancoRegistradores ; bancoRegistradores ; work         ;
;       |flipFlop1bit:FlipFlop|                 ; 0 (0)               ; 1 (1)                     ; 0           ; 0            ; 0       ; 0         ; 0    ; 0            ; |topLevel|processador:Processinho|flipFlop1bit:FlipFlop                 ; flipFlop1bit       ; work         ;
;       |flip_flop:PC|                          ; 8 (8)               ; 8 (8)                     ; 0           ; 0            ; 0       ; 0         ; 0    ; 0            ; |topLevel|processador:Processinho|flip_flop:PC                          ; flip_flop          ; work         ;
;       |mux:MuxPosULA|                         ; 4 (4)               ; 0 (0)                     ; 0           ; 0            ; 0       ; 0         ; 0    ; 0            ; |topLevel|processador:Processinho|mux:MuxPosULA                         ; mux                ; work         ;
;       |ula:ULA|                               ; 12 (12)             ; 0 (0)                     ; 0           ; 0            ; 0       ; 0         ; 0    ; 0            ; |topLevel|processador:Processinho|ula:ULA                               ; ula                ; work         ;
;    |rom:ROM0|                                 ; 16 (16)             ; 0 (0)                     ; 0           ; 0            ; 0       ; 0         ; 0    ; 0            ; |topLevel|rom:ROM0                                                      ; rom                ; work         ;
+-----------------------------------------------+---------------------+---------------------------+-------------+--------------+---------+-----------+------+--------------+-------------------------------------------------------------------------+--------------------+--------------+
Note: For table entries with two numbers listed, the numbers in parentheses indicate the number of resources of the given type used by the specific entity alone. The numbers listed outside of parentheses indicate the total resources of the given type used by the specific entity and all of its sub-entities in the hierarchy.


+----------------------------------------------------------------------------------------------------------------------------+
; User-Specified and Inferred Latches                                                                                        ;
+------------------------------------------------------+--------------------------------------------+------------------------+
; Latch Name                                           ; Latch Enable Signal                        ; Free of Timing Hazards ;
+------------------------------------------------------+--------------------------------------------+------------------------+
; processador:Processinho|UnidadeControle:UC|outULA[0] ; GND                                        ; yes                    ;
; processador:Processinho|UnidadeControle:UC|outULA[1] ; GND                                        ; yes                    ;
; processador:Processinho|UnidadeControle:UC|outULA[2] ; GND                                        ; yes                    ;
; processador:Processinho|ula:ULA|outData[1]           ; processador:Processinho|ula:ULA|outData[3] ; yes                    ;
; processador:Processinho|ula:ULA|outData[3]           ; processador:Processinho|ula:ULA|outData[3] ; yes                    ;
; processador:Processinho|ula:ULA|outData[0]           ; processador:Processinho|ula:ULA|outData[3] ; yes                    ;
; Number of user-specified and inferred latches = 6    ;                                            ;                        ;
+------------------------------------------------------+--------------------------------------------+------------------------+
Note: All latches listed above may not be present at the end of synthesis due to various synthesis optimizations.


+--------------------------------------------------------------------------------------+
; Registers Removed During Synthesis                                                   ;
+----------------------------------------+---------------------------------------------+
; Register name                          ; Reason for Removal                          ;
+----------------------------------------+---------------------------------------------+
; conversorHex7Seg:DISPLAYhex2|HEX[0..6] ; Stuck at GND due to stuck port clock_enable ;
; conversorHex7Seg:DISPLAYhex4|HEX[0..6] ; Stuck at GND due to stuck port clock_enable ;
; conversorHex7Seg:DISPLAYhex5|HEX[0..6] ; Stuck at GND due to stuck port clock_enable ;
; conversorHex7Seg:DISPLAYhex7|HEX[0..6] ; Stuck at GND due to stuck port clock_enable ;
; conversorHex7Seg:DISPLAYhex6|HEX[0..6] ; Stuck at GND due to stuck port clock_enable ;
; conversorHex7Seg:DISPLAYhex3|HEX[0..6] ; Stuck at GND due to stuck port data_in      ;
; Total Number of Removed Registers = 42 ;                                             ;
+----------------------------------------+---------------------------------------------+


+------------------------------------------------------+
; General Register Statistics                          ;
+----------------------------------------------+-------+
; Statistic                                    ; Value ;
+----------------------------------------------+-------+
; Total registers                              ; 68    ;
; Number of registers using Synchronous Clear  ; 0     ;
; Number of registers using Synchronous Load   ; 8     ;
; Number of registers using Asynchronous Clear ; 0     ;
; Number of registers using Asynchronous Load  ; 0     ;
; Number of registers using Clock Enable       ; 32    ;
; Number of registers using Preset             ; 0     ;
+----------------------------------------------+-------+


+------------------------------------------------------------------------------------------------------------------------------------------------------------------------------+
; Multiplexer Restructuring Statistics (Restructuring Performed)                                                                                                               ;
+--------------------+-----------+---------------+----------------------+------------------------+------------+----------------------------------------------------------------+
; Multiplexer Inputs ; Bus Width ; Baseline Area ; Area if Restructured ; Saving if Restructured ; Registered ; Example Multiplexer Output                                     ;
+--------------------+-----------+---------------+----------------------+------------------------+------------+----------------------------------------------------------------+
; 5:1                ; 2 bits    ; 6 LEs         ; 4 LEs                ; 2 LEs                  ; Yes        ; |topLevel|conversorHex7Seg:DISPLAYhex3|HEX[5]                  ;
; 6:1                ; 3 bits    ; 12 LEs        ; 12 LEs               ; 0 LEs                  ; Yes        ; |topLevel|conversorHex7Seg:DISPLAYhex3|HEX[0]                  ;
; 4:1                ; 2 bits    ; 4 LEs         ; 4 LEs                ; 0 LEs                  ; No         ; |topLevel|processador:Processinho|UnidadeControle:UC|outULA[2] ;
+--------------------+-----------+---------------+----------------------+------------------------+------------+----------------------------------------------------------------+


+---------------------------------------------------------------------------+
; Parameter Settings for User Entity Instance: addressDecoder:Decodificador ;
+----------------+-------+--------------------------------------------------+
; Parameter Name ; Value ; Type                                             ;
+----------------+-------+--------------------------------------------------+
; data_width     ; 4     ; Signed Integer                                   ;
+----------------+-------+--------------------------------------------------+
Note: In order to hide this table in the UI and the text report file, please set the "Show Parameter Settings in Synthesis Report" option in "Analysis and Synthesis Settings -> More Settings" to "Off".


+----------------------------------------------------------------------+
; Parameter Settings for User Entity Instance: processador:Processinho ;
+-------------------+-------+------------------------------------------+
; Parameter Name    ; Value ; Type                                     ;
+-------------------+-------+------------------------------------------+
; instruction_width ; 16    ; Signed Integer                           ;
; rom_width         ; 8     ; Signed Integer                           ;
; dataread_width    ; 4     ; Signed Integer                           ;
; datawrite_width   ; 4     ; Signed Integer                           ;
+-------------------+-------+------------------------------------------+
Note: In order to hide this table in the UI and the text report file, please set the "Show Parameter Settings in Synthesis Report" option in "Analysis and Synthesis Settings -> More Settings" to "Off".


+------------------------------------------------------------------------------+
; Parameter Settings for User Entity Instance: processador:Processinho|ula:ULA ;
+----------------+-------+-----------------------------------------------------+
; Parameter Name ; Value ; Type                                                ;
+----------------+-------+-----------------------------------------------------+
; data_width     ; 4     ; Signed Integer                                      ;
+----------------+-------+-----------------------------------------------------+
Note: In order to hide this table in the UI and the text report file, please set the "Show Parameter Settings in Synthesis Report" option in "Analysis and Synthesis Settings -> More Settings" to "Off".


+------------------------------------------------------------------------------------+
; Parameter Settings for User Entity Instance: processador:Processinho|mux:MuxPosULA ;
+----------------+-------+-----------------------------------------------------------+
; Parameter Name ; Value ; Type                                                      ;
+----------------+-------+-----------------------------------------------------------+
; dataw          ; 4     ; Signed Integer                                            ;
+----------------+-------+-----------------------------------------------------------+
Note: In order to hide this table in the UI and the text report file, please set the "Show Parameter Settings in Synthesis Report" option in "Analysis and Synthesis Settings -> More Settings" to "Off".


+------------------------------------------------------------------------------------------------------------+
; Parameter Settings for User Entity Instance: processador:Processinho|bancoRegistradores:BancoRegistradores ;
+---------------------+-------+------------------------------------------------------------------------------+
; Parameter Name      ; Value ; Type                                                                         ;
+---------------------+-------+------------------------------------------------------------------------------+
; larguradados        ; 4     ; Signed Integer                                                               ;
; larguraendbancoregs ; 3     ; Signed Integer                                                               ;
+---------------------+-------+------------------------------------------------------------------------------+
Note: In order to hide this table in the UI and the text report file, please set the "Show Parameter Settings in Synthesis Report" option in "Analysis and Synthesis Settings -> More Settings" to "Off".


+--------------------------------------------------------------------------------+
; Parameter Settings for User Entity Instance: processador:Processinho|mux:MuxPC ;
+----------------+-------+-------------------------------------------------------+
; Parameter Name ; Value ; Type                                                  ;
+----------------+-------+-------------------------------------------------------+
; dataw          ; 8     ; Signed Integer                                        ;
+----------------+-------+-------------------------------------------------------+
Note: In order to hide this table in the UI and the text report file, please set the "Show Parameter Settings in Synthesis Report" option in "Analysis and Synthesis Settings -> More Settings" to "Off".


+-----------------------------------------------------------------------------------+
; Parameter Settings for User Entity Instance: processador:Processinho|flip_flop:PC ;
+----------------+-------+----------------------------------------------------------+
; Parameter Name ; Value ; Type                                                     ;
+----------------+-------+----------------------------------------------------------+
; dataw          ; 8     ; Signed Integer                                           ;
+----------------+-------+----------------------------------------------------------+
Note: In order to hide this table in the UI and the text report file, please set the "Show Parameter Settings in Synthesis Report" option in "Analysis and Synthesis Settings -> More Settings" to "Off".


+-------------------------------------------------------+
; Parameter Settings for User Entity Instance: rom:ROM0 ;
+----------------+-------+------------------------------+
; Parameter Name ; Value ; Type                         ;
+----------------+-------+------------------------------+
; data_width     ; 16    ; Signed Integer               ;
; addr_width     ; 8     ; Signed Integer               ;
+----------------+-------+------------------------------+
Note: In order to hide this table in the UI and the text report file, please set the "Show Parameter Settings in Synthesis Report" option in "Analysis and Synthesis Settings -> More Settings" to "Off".


+----------------------------------------------------------+
; Port Connectivity Checks: "conversorHex7Seg:DISPLAYhex7" ;
+-------+-------+----------+-------------------------------+
; Port  ; Type  ; Severity ; Details                       ;
+-------+-------+----------+-------------------------------+
; apaga ; Input ; Info     ; Stuck at GND                  ;
+-------+-------+----------+-------------------------------+


+----------------------------------------------------------+
; Port Connectivity Checks: "conversorHex7Seg:DISPLAYhex6" ;
+-------+-------+----------+-------------------------------+
; Port  ; Type  ; Severity ; Details                       ;
+-------+-------+----------+-------------------------------+
; apaga ; Input ; Info     ; Stuck at GND                  ;
+-------+-------+----------+-------------------------------+


+----------------------------------------------------------+
; Port Connectivity Checks: "conversorHex7Seg:DISPLAYhex5" ;
+-------+-------+----------+-------------------------------+
; Port  ; Type  ; Severity ; Details                       ;
+-------+-------+----------+-------------------------------+
; apaga ; Input ; Info     ; Stuck at GND                  ;
+-------+-------+----------+-------------------------------+


+----------------------------------------------------------+
; Port Connectivity Checks: "conversorHex7Seg:DISPLAYhex4" ;
+-------+-------+----------+-------------------------------+
; Port  ; Type  ; Severity ; Details                       ;
+-------+-------+----------+-------------------------------+
; apaga ; Input ; Info     ; Stuck at GND                  ;
+-------+-------+----------+-------------------------------+


+----------------------------------------------------------+
; Port Connectivity Checks: "conversorHex7Seg:DISPLAYhex3" ;
+-------+-------+----------+-------------------------------+
; Port  ; Type  ; Severity ; Details                       ;
+-------+-------+----------+-------------------------------+
; apaga ; Input ; Info     ; Stuck at GND                  ;
+-------+-------+----------+-------------------------------+


+----------------------------------------------------------+
; Port Connectivity Checks: "conversorHex7Seg:DISPLAYhex2" ;
+-------+-------+----------+-------------------------------+
; Port  ; Type  ; Severity ; Details                       ;
+-------+-------+----------+-------------------------------+
; apaga ; Input ; Info     ; Stuck at GND                  ;
+-------+-------+----------+-------------------------------+


+--------------------------------------------------------------------------------------------------------------------------+
; Port Connectivity Checks: "addressDecoder:Decodificador"                                                                 ;
+----------------+--------+----------+-------------------------------------------------------------------------------------+
; Port           ; Type   ; Severity ; Details                                                                             ;
+----------------+--------+----------+-------------------------------------------------------------------------------------+
; outmudahor     ; Output ; Info     ; Connected to dangling logic. Logic that only feeds a dangling port will be removed. ;
; outincmin      ; Output ; Info     ; Connected to dangling logic. Logic that only feeds a dangling port will be removed. ;
; outinchor      ; Output ; Info     ; Connected to dangling logic. Logic that only feeds a dangling port will be removed. ;
; outzerabase    ; Output ; Info     ; Connected to dangling logic. Logic that only feeds a dangling port will be removed. ;
; outzeramudahor ; Output ; Info     ; Connected to dangling logic. Logic that only feeds a dangling port will be removed. ;
; outzeraincmin  ; Output ; Info     ; Connected to dangling logic. Logic that only feeds a dangling port will be removed. ;
; outzerainchor  ; Output ; Info     ; Connected to dangling logic. Logic that only feeds a dangling port will be removed. ;
+----------------+--------+----------+-------------------------------------------------------------------------------------+


+-----------------------------------------------------+
; Post-Synthesis Netlist Statistics for Top Partition ;
+-----------------------+-----------------------------+
; Type                  ; Count                       ;
+-----------------------+-----------------------------+
; boundary_port         ; 91                          ;
; cycloneiii_ff         ; 68                          ;
;     ENA               ; 32                          ;
;     SLD               ; 8                           ;
;     plain             ; 28                          ;
; cycloneiii_lcell_comb ; 125                         ;
;     arith             ; 32                          ;
;         2 data inputs ; 32                          ;
;     normal            ; 93                          ;
;         0 data inputs ; 1                           ;
;         1 data inputs ; 3                           ;
;         2 data inputs ; 5                           ;
;         3 data inputs ; 20                          ;
;         4 data inputs ; 64                          ;
;                       ;                             ;
; Max LUT depth         ; 7.00                        ;
; Average LUT depth     ; 3.95                        ;
+-----------------------+-----------------------------+


+-------------------------------+
; Elapsed Time Per Partition    ;
+----------------+--------------+
; Partition Name ; Elapsed Time ;
+----------------+--------------+
; Top            ; 00:00:01     ;
+----------------+--------------+


+-------------------------------+
; Analysis & Synthesis Messages ;
+-------------------------------+
Info: *******************************************************************
Info: Running Quartus Prime Analysis & Synthesis
    Info: Version 18.1.0 Build 625 09/12/2018 SJ Lite Edition
    Info: Processing started: Mon Oct 07 16:04:28 2019
Info: Command: quartus_map --read_settings_files=on --write_settings_files=off topLevel -c topLevel
Warning (18236): Number of processors has not been specified which may cause overloading on shared machines.  Set the global assignment NUM_PARALLEL_PROCESSORS in your QSF to an appropriate value for best performance.
Info (20030): Parallel compilation is enabled and will use 6 of the 6 processors detected
Info (12021): Found 2 design units, including 1 entities, in source file unidadecontrole.vhd
    Info (12022): Found design unit 1: UnidadeControle-UC File: C:/Users/LiuSeeker/Desktop/6o-semestre/design-computadores/descomp/componentes/topLevel/UnidadeControle.vhd Line: 18
    Info (12023): Found entity 1: UnidadeControle File: C:/Users/LiuSeeker/Desktop/6o-semestre/design-computadores/descomp/componentes/topLevel/UnidadeControle.vhd Line: 5
Info (12021): Found 2 design units, including 1 entities, in source file ula.vhd
    Info (12022): Found design unit 1: ula-ulaula File: C:/Users/LiuSeeker/Desktop/6o-semestre/design-computadores/descomp/componentes/topLevel/ULA.vhd Line: 23
    Info (12023): Found entity 1: ula File: C:/Users/LiuSeeker/Desktop/6o-semestre/design-computadores/descomp/componentes/topLevel/ULA.vhd Line: 5
Info (12021): Found 2 design units, including 1 entities, in source file toplevel.vhd
    Info (12022): Found design unit 1: topLevel-comportamento File: C:/Users/LiuSeeker/Desktop/6o-semestre/design-computadores/descomp/componentes/topLevel/topLevel.vhd Line: 25
    Info (12023): Found entity 1: topLevel File: C:/Users/LiuSeeker/Desktop/6o-semestre/design-computadores/descomp/componentes/topLevel/topLevel.vhd Line: 4
Info (12021): Found 2 design units, including 1 entities, in source file rom.vhd
    Info (12022): Found design unit 1: rom-arch_rom File: C:/Users/LiuSeeker/Desktop/6o-semestre/design-computadores/descomp/componentes/topLevel/rom.vhd Line: 24
    Info (12023): Found entity 1: rom File: C:/Users/LiuSeeker/Desktop/6o-semestre/design-computadores/descomp/componentes/topLevel/rom.vhd Line: 8
Info (12021): Found 2 design units, including 1 entities, in source file registrador1bit.vhd
    Info (12022): Found design unit 1: registrador1bit-arch_registrador File: C:/Users/LiuSeeker/Desktop/6o-semestre/design-computadores/descomp/componentes/topLevel/registrador1bit.vhd Line: 17
    Info (12023): Found entity 1: registrador1bit File: C:/Users/LiuSeeker/Desktop/6o-semestre/design-computadores/descomp/componentes/topLevel/registrador1bit.vhd Line: 5
Info (12021): Found 2 design units, including 1 entities, in source file registrador.vhd
    Info (12022): Found design unit 1: registrador-arch_registrador File: C:/Users/LiuSeeker/Desktop/6o-semestre/design-computadores/descomp/componentes/topLevel/registrador.vhd Line: 23
    Info (12023): Found entity 1: registrador File: C:/Users/LiuSeeker/Desktop/6o-semestre/design-computadores/descomp/componentes/topLevel/registrador.vhd Line: 5
Info (12021): Found 2 design units, including 1 entities, in source file processador.vhd
    Info (12022): Found design unit 1: processador-proc File: C:/Users/LiuSeeker/Desktop/6o-semestre/design-computadores/descomp/componentes/topLevel/processador.vhd Line: 28
    Info (12023): Found entity 1: processador File: C:/Users/LiuSeeker/Desktop/6o-semestre/design-computadores/descomp/componentes/topLevel/processador.vhd Line: 5
Info (12021): Found 2 design units, including 1 entities, in source file mux1bit.vhd
    Info (12022): Found design unit 1: mux1bit-arch_MUX File: C:/Users/LiuSeeker/Desktop/6o-semestre/design-computadores/descomp/componentes/topLevel/mux1bit.vhd Line: 24
    Info (12023): Found entity 1: mux1bit File: C:/Users/LiuSeeker/Desktop/6o-semestre/design-computadores/descomp/componentes/topLevel/mux1bit.vhd Line: 5
Warning (12090): Entity "mux" obtained from "mux.vhd" instead of from Quartus Prime megafunction library File: C:/Users/LiuSeeker/Desktop/6o-semestre/design-computadores/descomp/componentes/topLevel/mux.vhd Line: 5
Info (12021): Found 2 design units, including 1 entities, in source file mux.vhd
    Info (12022): Found design unit 1: mux-arch_MUX File: C:/Users/LiuSeeker/Desktop/6o-semestre/design-computadores/descomp/componentes/topLevel/mux.vhd Line: 29
    Info (12023): Found entity 1: mux File: C:/Users/LiuSeeker/Desktop/6o-semestre/design-computadores/descomp/componentes/topLevel/mux.vhd Line: 5
Info (12021): Found 2 design units, including 1 entities, in source file flip_flop.vhd
    Info (12022): Found design unit 1: flip_flop-ARCH File: C:/Users/LiuSeeker/Desktop/6o-semestre/design-computadores/descomp/componentes/topLevel/flip_flop.vhd Line: 20
    Info (12023): Found entity 1: flip_flop File: C:/Users/LiuSeeker/Desktop/6o-semestre/design-computadores/descomp/componentes/topLevel/flip_flop.vhd Line: 6
Info (12021): Found 2 design units, including 1 entities, in source file flipflop1bit.vhd
    Info (12022): Found design unit 1: flipFlop1bit-ARCH File: C:/Users/LiuSeeker/Desktop/6o-semestre/design-computadores/descomp/componentes/topLevel/flipFlop1bit.vhd Line: 15
    Info (12023): Found entity 1: flipFlop1bit File: C:/Users/LiuSeeker/Desktop/6o-semestre/design-computadores/descomp/componentes/topLevel/flipFlop1bit.vhd Line: 6
Info (12021): Found 2 design units, including 1 entities, in source file dmux.vhd
    Info (12022): Found design unit 1: dmux-arch File: C:/Users/LiuSeeker/Desktop/6o-semestre/design-computadores/descomp/componentes/topLevel/dmux.vhd Line: 23
    Info (12023): Found entity 1: dmux File: C:/Users/LiuSeeker/Desktop/6o-semestre/design-computadores/descomp/componentes/topLevel/dmux.vhd Line: 5
Info (12021): Found 2 design units, including 1 entities, in source file conversorhex7seg.vhd
    Info (12022): Found design unit 1: conversorHex7Seg-comportamento File: C:/Users/LiuSeeker/Desktop/6o-semestre/design-computadores/descomp/componentes/topLevel/conversorHex7seg.vhd Line: 19
    Info (12023): Found entity 1: conversorHex7Seg File: C:/Users/LiuSeeker/Desktop/6o-semestre/design-computadores/descomp/componentes/topLevel/conversorHex7seg.vhd Line: 4
Info (12021): Found 2 design units, including 1 entities, in source file contador.vhd
    Info (12022): Found design unit 1: contador-divInteiro File: C:/Users/LiuSeeker/Desktop/6o-semestre/design-computadores/descomp/componentes/topLevel/contador.vhd Line: 20
    Info (12023): Found entity 1: contador File: C:/Users/LiuSeeker/Desktop/6o-semestre/design-computadores/descomp/componentes/topLevel/contador.vhd Line: 5
Info (12021): Found 2 design units, including 1 entities, in source file buffer3state4bit.vhd
    Info (12022): Found design unit 1: buffer3state4bit-arch_buffer3state File: C:/Users/LiuSeeker/Desktop/6o-semestre/design-computadores/descomp/componentes/topLevel/buffer3state4bit.vhd Line: 14
    Info (12023): Found entity 1: buffer3state4bit File: C:/Users/LiuSeeker/Desktop/6o-semestre/design-computadores/descomp/componentes/topLevel/buffer3state4bit.vhd Line: 4
Info (12021): Found 2 design units, including 1 entities, in source file buffer3state.vhd
    Info (12022): Found design unit 1: buffer3state-arch_buffer3state File: C:/Users/LiuSeeker/Desktop/6o-semestre/design-computadores/descomp/componentes/topLevel/buffer3state.vhd Line: 14
    Info (12023): Found entity 1: buffer3state File: C:/Users/LiuSeeker/Desktop/6o-semestre/design-computadores/descomp/componentes/topLevel/buffer3state.vhd Line: 4
Info (12021): Found 2 design units, including 1 entities, in source file bancoregistradores.vhd
    Info (12022): Found design unit 1: bancoRegistradores-arch_bancoRegistradores File: C:/Users/LiuSeeker/Desktop/6o-semestre/design-computadores/descomp/componentes/topLevel/bancoRegistradores.vhd Line: 26
    Info (12023): Found entity 1: bancoRegistradores File: C:/Users/LiuSeeker/Desktop/6o-semestre/design-computadores/descomp/componentes/topLevel/bancoRegistradores.vhd Line: 5
Info (12021): Found 2 design units, including 1 entities, in source file addressdecoder.vhd
    Info (12022): Found design unit 1: addressDecoder-endereco File: C:/Users/LiuSeeker/Desktop/6o-semestre/design-computadores/descomp/componentes/topLevel/addressDecoder.vhd Line: 32
    Info (12023): Found entity 1: addressDecoder File: C:/Users/LiuSeeker/Desktop/6o-semestre/design-computadores/descomp/componentes/topLevel/addressDecoder.vhd Line: 5
Info (12021): Found 2 design units, including 1 entities, in source file adder.vhd
    Info (12022): Found design unit 1: adder-arch_adder File: C:/Users/LiuSeeker/Desktop/6o-semestre/design-computadores/descomp/componentes/topLevel/adder.vhd Line: 17
    Info (12023): Found entity 1: adder File: C:/Users/LiuSeeker/Desktop/6o-semestre/design-computadores/descomp/componentes/topLevel/adder.vhd Line: 5
Info (12127): Elaborating entity "topLevel" for the top level hierarchy
Warning (10541): VHDL Signal Declaration warning at topLevel.vhd(43): used implicit default value for signal "saiBaseTempo1" because signal was never assigned a value or an explicit default value. Use of implicit default value may introduce unintended design optimizations. File: C:/Users/LiuSeeker/Desktop/6o-semestre/design-computadores/descomp/componentes/topLevel/topLevel.vhd Line: 43
Warning (10541): VHDL Signal Declaration warning at topLevel.vhd(44): used implicit default value for signal "saiBaseTempo2" because signal was never assigned a value or an explicit default value. Use of implicit default value may introduce unintended design optimizations. File: C:/Users/LiuSeeker/Desktop/6o-semestre/design-computadores/descomp/componentes/topLevel/topLevel.vhd Line: 44
Info (12128): Elaborating entity "addressDecoder" for hierarchy "addressDecoder:Decodificador" File: C:/Users/LiuSeeker/Desktop/6o-semestre/design-computadores/descomp/componentes/topLevel/topLevel.vhd Line: 78
Info (12128): Elaborating entity "mux1bit" for hierarchy "mux1bit:MuxBaseTempo" File: C:/Users/LiuSeeker/Desktop/6o-semestre/design-computadores/descomp/componentes/topLevel/topLevel.vhd Line: 159
Info (12128): Elaborating entity "buffer3state" for hierarchy "buffer3state:TristateBaseTempo" File: C:/Users/LiuSeeker/Desktop/6o-semestre/design-computadores/descomp/componentes/topLevel/topLevel.vhd Line: 167
Info (10041): Inferred latch for "output" at buffer3state.vhd(18) File: C:/Users/LiuSeeker/Desktop/6o-semestre/design-computadores/descomp/componentes/topLevel/buffer3state.vhd Line: 18
Info (12128): Elaborating entity "conversorHex7Seg" for hierarchy "conversorHex7Seg:DISPLAYhex2" File: C:/Users/LiuSeeker/Desktop/6o-semestre/design-computadores/descomp/componentes/topLevel/topLevel.vhd Line: 176
Info (12128): Elaborating entity "processador" for hierarchy "processador:Processinho" File: C:/Users/LiuSeeker/Desktop/6o-semestre/design-computadores/descomp/componentes/topLevel/topLevel.vhd Line: 238
Warning (10873): Using initial value X (don't care) for net "LEDR[13..11]" at processador.vhd(21) File: C:/Users/LiuSeeker/Desktop/6o-semestre/design-computadores/descomp/componentes/topLevel/processador.vhd Line: 21
Warning (10873): Using initial value X (don't care) for net "LEDR[7]" at processador.vhd(21) File: C:/Users/LiuSeeker/Desktop/6o-semestre/design-computadores/descomp/componentes/topLevel/processador.vhd Line: 21
Warning (10873): Using initial value X (don't care) for net "LEDR[5]" at processador.vhd(21) File: C:/Users/LiuSeeker/Desktop/6o-semestre/design-computadores/descomp/componentes/topLevel/processador.vhd Line: 21
Warning (10873): Using initial value X (don't care) for net "LEDR[3]" at processador.vhd(21) File: C:/Users/LiuSeeker/Desktop/6o-semestre/design-computadores/descomp/componentes/topLevel/processador.vhd Line: 21
Warning (10873): Using initial value X (don't care) for net "LEDR[1]" at processador.vhd(21) File: C:/Users/LiuSeeker/Desktop/6o-semestre/design-computadores/descomp/componentes/topLevel/processador.vhd Line: 21
Info (12128): Elaborating entity "UnidadeControle" for hierarchy "processador:Processinho|UnidadeControle:UC" File: C:/Users/LiuSeeker/Desktop/6o-semestre/design-computadores/descomp/componentes/topLevel/processador.vhd Line: 64
Info (10041): Inferred latch for "outULA[0]" at UnidadeControle.vhd(23) File: C:/Users/LiuSeeker/Desktop/6o-semestre/design-computadores/descomp/componentes/topLevel/UnidadeControle.vhd Line: 23
Info (10041): Inferred latch for "outULA[1]" at UnidadeControle.vhd(23) File: C:/Users/LiuSeeker/Desktop/6o-semestre/design-computadores/descomp/componentes/topLevel/UnidadeControle.vhd Line: 23
Info (10041): Inferred latch for "outULA[2]" at UnidadeControle.vhd(23) File: C:/Users/LiuSeeker/Desktop/6o-semestre/design-computadores/descomp/componentes/topLevel/UnidadeControle.vhd Line: 23
Info (12128): Elaborating entity "ula" for hierarchy "processador:Processinho|ula:ULA" File: C:/Users/LiuSeeker/Desktop/6o-semestre/design-computadores/descomp/componentes/topLevel/processador.vhd Line: 74
Info (10041): Inferred latch for "outData[0]" at ULA.vhd(26) File: C:/Users/LiuSeeker/Desktop/6o-semestre/design-computadores/descomp/componentes/topLevel/ULA.vhd Line: 26
Info (10041): Inferred latch for "outData[1]" at ULA.vhd(26) File: C:/Users/LiuSeeker/Desktop/6o-semestre/design-computadores/descomp/componentes/topLevel/ULA.vhd Line: 26
Info (10041): Inferred latch for "outData[2]" at ULA.vhd(26) File: C:/Users/LiuSeeker/Desktop/6o-semestre/design-computadores/descomp/componentes/topLevel/ULA.vhd Line: 26
Info (10041): Inferred latch for "outData[3]" at ULA.vhd(26) File: C:/Users/LiuSeeker/Desktop/6o-semestre/design-computadores/descomp/componentes/topLevel/ULA.vhd Line: 26
Info (12128): Elaborating entity "mux" for hierarchy "processador:Processinho|mux:MuxPosULA" File: C:/Users/LiuSeeker/Desktop/6o-semestre/design-computadores/descomp/componentes/topLevel/processador.vhd Line: 83
Info (12128): Elaborating entity "bancoRegistradores" for hierarchy "processador:Processinho|bancoRegistradores:BancoRegistradores" File: C:/Users/LiuSeeker/Desktop/6o-semestre/design-computadores/descomp/componentes/topLevel/processador.vhd Line: 91
Info (12128): Elaborating entity "mux" for hierarchy "processador:Processinho|mux:MuxPC" File: C:/Users/LiuSeeker/Desktop/6o-semestre/design-computadores/descomp/componentes/topLevel/processador.vhd Line: 100
Info (12128): Elaborating entity "flip_flop" for hierarchy "processador:Processinho|flip_flop:PC" File: C:/Users/LiuSeeker/Desktop/6o-semestre/design-computadores/descomp/componentes/topLevel/processador.vhd Line: 108
Info (12128): Elaborating entity "buffer3state4bit" for hierarchy "processador:Processinho|buffer3state4bit:Tristate" File: C:/Users/LiuSeeker/Desktop/6o-semestre/design-computadores/descomp/componentes/topLevel/processador.vhd Line: 114
Info (10041): Inferred latch for "output[0]" at buffer3state4bit.vhd(18) File: C:/Users/LiuSeeker/Desktop/6o-semestre/design-computadores/descomp/componentes/topLevel/buffer3state4bit.vhd Line: 18
Info (10041): Inferred latch for "output[1]" at buffer3state4bit.vhd(18) File: C:/Users/LiuSeeker/Desktop/6o-semestre/design-computadores/descomp/componentes/topLevel/buffer3state4bit.vhd Line: 18
Info (10041): Inferred latch for "output[2]" at buffer3state4bit.vhd(18) File: C:/Users/LiuSeeker/Desktop/6o-semestre/design-computadores/descomp/componentes/topLevel/buffer3state4bit.vhd Line: 18
Info (10041): Inferred latch for "output[3]" at buffer3state4bit.vhd(18) File: C:/Users/LiuSeeker/Desktop/6o-semestre/design-computadores/descomp/componentes/topLevel/buffer3state4bit.vhd Line: 18
Info (12128): Elaborating entity "flipFlop1bit" for hierarchy "processador:Processinho|flipFlop1bit:FlipFlop" File: C:/Users/LiuSeeker/Desktop/6o-semestre/design-computadores/descomp/componentes/topLevel/processador.vhd Line: 121
Info (12128): Elaborating entity "rom" for hierarchy "rom:ROM0" File: C:/Users/LiuSeeker/Desktop/6o-semestre/design-computadores/descomp/componentes/topLevel/topLevel.vhd Line: 252
Warning (10541): VHDL Signal Declaration warning at rom.vhd(27): used implicit default value for signal "content" because signal was never assigned a value or an explicit default value. Use of implicit default value may introduce unintended design optimizations. File: C:/Users/LiuSeeker/Desktop/6o-semestre/design-computadores/descomp/componentes/topLevel/rom.vhd Line: 27
Info (276014): Found 1 instances of uninferred RAM logic
    Info (276004): RAM logic "processador:Processinho|bancoRegistradores:BancoRegistradores|banco" is uninferred due to inappropriate RAM size File: C:/Users/LiuSeeker/Desktop/6o-semestre/design-computadores/descomp/componentes/topLevel/bancoRegistradores.vhd Line: 31
Warning (13012): Latch processador:Processinho|ula:ULA|outData[1] has unsafe behavior File: C:/Users/LiuSeeker/Desktop/6o-semestre/design-computadores/descomp/componentes/topLevel/ULA.vhd Line: 26
    Warning (13013): Ports D and ENA on the latch are fed by the same signal processador:Processinho|UnidadeControle:UC|outULA[1] File: C:/Users/LiuSeeker/Desktop/6o-semestre/design-computadores/descomp/componentes/topLevel/UnidadeControle.vhd Line: 23
Warning (13012): Latch processador:Processinho|ula:ULA|outData[3] has unsafe behavior File: C:/Users/LiuSeeker/Desktop/6o-semestre/design-computadores/descomp/componentes/topLevel/ULA.vhd Line: 26
    Warning (13013): Ports D and ENA on the latch are fed by the same signal processador:Processinho|UnidadeControle:UC|outULA[1] File: C:/Users/LiuSeeker/Desktop/6o-semestre/design-computadores/descomp/componentes/topLevel/UnidadeControle.vhd Line: 23
Warning (13012): Latch processador:Processinho|ula:ULA|outData[0] has unsafe behavior File: C:/Users/LiuSeeker/Desktop/6o-semestre/design-computadores/descomp/componentes/topLevel/ULA.vhd Line: 26
    Warning (13013): Ports D and ENA on the latch are fed by the same signal processador:Processinho|UnidadeControle:UC|outULA[1] File: C:/Users/LiuSeeker/Desktop/6o-semestre/design-computadores/descomp/componentes/topLevel/UnidadeControle.vhd Line: 23
Warning (13024): Output pins are stuck at VCC or GND
    Warning (13410): Pin "LEDR[1]" is stuck at GND File: C:/Users/LiuSeeker/Desktop/6o-semestre/design-computadores/descomp/componentes/topLevel/topLevel.vhd Line: 13
    Warning (13410): Pin "LEDR[3]" is stuck at GND File: C:/Users/LiuSeeker/Desktop/6o-semestre/design-computadores/descomp/componentes/topLevel/topLevel.vhd Line: 13
    Warning (13410): Pin "LEDR[5]" is stuck at GND File: C:/Users/LiuSeeker/Desktop/6o-semestre/design-computadores/descomp/componentes/topLevel/topLevel.vhd Line: 13
    Warning (13410): Pin "LEDR[7]" is stuck at GND File: C:/Users/LiuSeeker/Desktop/6o-semestre/design-computadores/descomp/componentes/topLevel/topLevel.vhd Line: 13
    Warning (13410): Pin "LEDR[11]" is stuck at GND File: C:/Users/LiuSeeker/Desktop/6o-semestre/design-computadores/descomp/componentes/topLevel/topLevel.vhd Line: 13
    Warning (13410): Pin "LEDR[12]" is stuck at GND File: C:/Users/LiuSeeker/Desktop/6o-semestre/design-computadores/descomp/componentes/topLevel/topLevel.vhd Line: 13
    Warning (13410): Pin "LEDR[13]" is stuck at GND File: C:/Users/LiuSeeker/Desktop/6o-semestre/design-computadores/descomp/componentes/topLevel/topLevel.vhd Line: 13
    Warning (13410): Pin "LEDR[17]" is stuck at GND File: C:/Users/LiuSeeker/Desktop/6o-semestre/design-computadores/descomp/componentes/topLevel/topLevel.vhd Line: 13
    Warning (13410): Pin "HEX2[0]" is stuck at GND File: C:/Users/LiuSeeker/Desktop/6o-semestre/design-computadores/descomp/componentes/topLevel/topLevel.vhd Line: 16
    Warning (13410): Pin "HEX2[1]" is stuck at GND File: C:/Users/LiuSeeker/Desktop/6o-semestre/design-computadores/descomp/componentes/topLevel/topLevel.vhd Line: 16
    Warning (13410): Pin "HEX2[2]" is stuck at GND File: C:/Users/LiuSeeker/Desktop/6o-semestre/design-computadores/descomp/componentes/topLevel/topLevel.vhd Line: 16
    Warning (13410): Pin "HEX2[3]" is stuck at GND File: C:/Users/LiuSeeker/Desktop/6o-semestre/design-computadores/descomp/componentes/topLevel/topLevel.vhd Line: 16
    Warning (13410): Pin "HEX2[4]" is stuck at GND File: C:/Users/LiuSeeker/Desktop/6o-semestre/design-computadores/descomp/componentes/topLevel/topLevel.vhd Line: 16
    Warning (13410): Pin "HEX2[5]" is stuck at GND File: C:/Users/LiuSeeker/Desktop/6o-semestre/design-computadores/descomp/componentes/topLevel/topLevel.vhd Line: 16
    Warning (13410): Pin "HEX2[6]" is stuck at GND File: C:/Users/LiuSeeker/Desktop/6o-semestre/design-computadores/descomp/componentes/topLevel/topLevel.vhd Line: 16
    Warning (13410): Pin "HEX3[0]" is stuck at GND File: C:/Users/LiuSeeker/Desktop/6o-semestre/design-computadores/descomp/componentes/topLevel/topLevel.vhd Line: 17
    Warning (13410): Pin "HEX3[1]" is stuck at GND File: C:/Users/LiuSeeker/Desktop/6o-semestre/design-computadores/descomp/componentes/topLevel/topLevel.vhd Line: 17
    Warning (13410): Pin "HEX3[2]" is stuck at GND File: C:/Users/LiuSeeker/Desktop/6o-semestre/design-computadores/descomp/componentes/topLevel/topLevel.vhd Line: 17
    Warning (13410): Pin "HEX3[3]" is stuck at GND File: C:/Users/LiuSeeker/Desktop/6o-semestre/design-computadores/descomp/componentes/topLevel/topLevel.vhd Line: 17
    Warning (13410): Pin "HEX3[4]" is stuck at GND File: C:/Users/LiuSeeker/Desktop/6o-semestre/design-computadores/descomp/componentes/topLevel/topLevel.vhd Line: 17
    Warning (13410): Pin "HEX3[5]" is stuck at GND File: C:/Users/LiuSeeker/Desktop/6o-semestre/design-computadores/descomp/componentes/topLevel/topLevel.vhd Line: 17
    Warning (13410): Pin "HEX3[6]" is stuck at GND File: C:/Users/LiuSeeker/Desktop/6o-semestre/design-computadores/descomp/componentes/topLevel/topLevel.vhd Line: 17
    Warning (13410): Pin "HEX4[0]" is stuck at GND File: C:/Users/LiuSeeker/Desktop/6o-semestre/design-computadores/descomp/componentes/topLevel/topLevel.vhd Line: 18
    Warning (13410): Pin "HEX4[1]" is stuck at GND File: C:/Users/LiuSeeker/Desktop/6o-semestre/design-computadores/descomp/componentes/topLevel/topLevel.vhd Line: 18
    Warning (13410): Pin "HEX4[2]" is stuck at GND File: C:/Users/LiuSeeker/Desktop/6o-semestre/design-computadores/descomp/componentes/topLevel/topLevel.vhd Line: 18
    Warning (13410): Pin "HEX4[3]" is stuck at GND File: C:/Users/LiuSeeker/Desktop/6o-semestre/design-computadores/descomp/componentes/topLevel/topLevel.vhd Line: 18
    Warning (13410): Pin "HEX4[4]" is stuck at GND File: C:/Users/LiuSeeker/Desktop/6o-semestre/design-computadores/descomp/componentes/topLevel/topLevel.vhd Line: 18
    Warning (13410): Pin "HEX4[5]" is stuck at GND File: C:/Users/LiuSeeker/Desktop/6o-semestre/design-computadores/descomp/componentes/topLevel/topLevel.vhd Line: 18
    Warning (13410): Pin "HEX4[6]" is stuck at GND File: C:/Users/LiuSeeker/Desktop/6o-semestre/design-computadores/descomp/componentes/topLevel/topLevel.vhd Line: 18
    Warning (13410): Pin "HEX5[0]" is stuck at GND File: C:/Users/LiuSeeker/Desktop/6o-semestre/design-computadores/descomp/componentes/topLevel/topLevel.vhd Line: 19
    Warning (13410): Pin "HEX5[1]" is stuck at GND File: C:/Users/LiuSeeker/Desktop/6o-semestre/design-computadores/descomp/componentes/topLevel/topLevel.vhd Line: 19
    Warning (13410): Pin "HEX5[2]" is stuck at GND File: C:/Users/LiuSeeker/Desktop/6o-semestre/design-computadores/descomp/componentes/topLevel/topLevel.vhd Line: 19
    Warning (13410): Pin "HEX5[3]" is stuck at GND File: C:/Users/LiuSeeker/Desktop/6o-semestre/design-computadores/descomp/componentes/topLevel/topLevel.vhd Line: 19
    Warning (13410): Pin "HEX5[4]" is stuck at GND File: C:/Users/LiuSeeker/Desktop/6o-semestre/design-computadores/descomp/componentes/topLevel/topLevel.vhd Line: 19
    Warning (13410): Pin "HEX5[5]" is stuck at GND File: C:/Users/LiuSeeker/Desktop/6o-semestre/design-computadores/descomp/componentes/topLevel/topLevel.vhd Line: 19
    Warning (13410): Pin "HEX5[6]" is stuck at GND File: C:/Users/LiuSeeker/Desktop/6o-semestre/design-computadores/descomp/componentes/topLevel/topLevel.vhd Line: 19
    Warning (13410): Pin "HEX6[0]" is stuck at GND File: C:/Users/LiuSeeker/Desktop/6o-semestre/design-computadores/descomp/componentes/topLevel/topLevel.vhd Line: 20
    Warning (13410): Pin "HEX6[1]" is stuck at GND File: C:/Users/LiuSeeker/Desktop/6o-semestre/design-computadores/descomp/componentes/topLevel/topLevel.vhd Line: 20
    Warning (13410): Pin "HEX6[2]" is stuck at GND File: C:/Users/LiuSeeker/Desktop/6o-semestre/design-computadores/descomp/componentes/topLevel/topLevel.vhd Line: 20
    Warning (13410): Pin "HEX6[3]" is stuck at GND File: C:/Users/LiuSeeker/Desktop/6o-semestre/design-computadores/descomp/componentes/topLevel/topLevel.vhd Line: 20
    Warning (13410): Pin "HEX6[4]" is stuck at GND File: C:/Users/LiuSeeker/Desktop/6o-semestre/design-computadores/descomp/componentes/topLevel/topLevel.vhd Line: 20
    Warning (13410): Pin "HEX6[5]" is stuck at GND File: C:/Users/LiuSeeker/Desktop/6o-semestre/design-computadores/descomp/componentes/topLevel/topLevel.vhd Line: 20
    Warning (13410): Pin "HEX6[6]" is stuck at GND File: C:/Users/LiuSeeker/Desktop/6o-semestre/design-computadores/descomp/componentes/topLevel/topLevel.vhd Line: 20
    Warning (13410): Pin "HEX7[0]" is stuck at GND File: C:/Users/LiuSeeker/Desktop/6o-semestre/design-computadores/descomp/componentes/topLevel/topLevel.vhd Line: 21
    Warning (13410): Pin "HEX7[1]" is stuck at GND File: C:/Users/LiuSeeker/Desktop/6o-semestre/design-computadores/descomp/componentes/topLevel/topLevel.vhd Line: 21
    Warning (13410): Pin "HEX7[2]" is stuck at GND File: C:/Users/LiuSeeker/Desktop/6o-semestre/design-computadores/descomp/componentes/topLevel/topLevel.vhd Line: 21
    Warning (13410): Pin "HEX7[3]" is stuck at GND File: C:/Users/LiuSeeker/Desktop/6o-semestre/design-computadores/descomp/componentes/topLevel/topLevel.vhd Line: 21
    Warning (13410): Pin "HEX7[4]" is stuck at GND File: C:/Users/LiuSeeker/Desktop/6o-semestre/design-computadores/descomp/componentes/topLevel/topLevel.vhd Line: 21
    Warning (13410): Pin "HEX7[5]" is stuck at GND File: C:/Users/LiuSeeker/Desktop/6o-semestre/design-computadores/descomp/componentes/topLevel/topLevel.vhd Line: 21
    Warning (13410): Pin "HEX7[6]" is stuck at GND File: C:/Users/LiuSeeker/Desktop/6o-semestre/design-computadores/descomp/componentes/topLevel/topLevel.vhd Line: 21
Info (286030): Timing-Driven Synthesis is running
Info (16010): Generating hard_block partition "hard_block:auto_generated_inst"
    Info (16011): Adding 0 node(s), including 0 DDIO, 0 PLL, 0 transceiver and 0 LCELL
Warning (21074): Design contains 19 input pin(s) that do not drive logic
    Warning (15610): No output dependent on input pin "SW[1]" File: C:/Users/LiuSeeker/Desktop/6o-semestre/design-computadores/descomp/componentes/topLevel/topLevel.vhd Line: 8
    Warning (15610): No output dependent on input pin "SW[2]" File: C:/Users/LiuSeeker/Desktop/6o-semestre/design-computadores/descomp/componentes/topLevel/topLevel.vhd Line: 8
    Warning (15610): No output dependent on input pin "SW[3]" File: C:/Users/LiuSeeker/Desktop/6o-semestre/design-computadores/descomp/componentes/topLevel/topLevel.vhd Line: 8
    Warning (15610): No output dependent on input pin "SW[4]" File: C:/Users/LiuSeeker/Desktop/6o-semestre/design-computadores/descomp/componentes/topLevel/topLevel.vhd Line: 8
    Warning (15610): No output dependent on input pin "SW[5]" File: C:/Users/LiuSeeker/Desktop/6o-semestre/design-computadores/descomp/componentes/topLevel/topLevel.vhd Line: 8
    Warning (15610): No output dependent on input pin "SW[6]" File: C:/Users/LiuSeeker/Desktop/6o-semestre/design-computadores/descomp/componentes/topLevel/topLevel.vhd Line: 8
    Warning (15610): No output dependent on input pin "SW[7]" File: C:/Users/LiuSeeker/Desktop/6o-semestre/design-computadores/descomp/componentes/topLevel/topLevel.vhd Line: 8
    Warning (15610): No output dependent on input pin "SW[8]" File: C:/Users/LiuSeeker/Desktop/6o-semestre/design-computadores/descomp/componentes/topLevel/topLevel.vhd Line: 8
    Warning (15610): No output dependent on input pin "SW[9]" File: C:/Users/LiuSeeker/Desktop/6o-semestre/design-computadores/descomp/componentes/topLevel/topLevel.vhd Line: 8
    Warning (15610): No output dependent on input pin "SW[10]" File: C:/Users/LiuSeeker/Desktop/6o-semestre/design-computadores/descomp/componentes/topLevel/topLevel.vhd Line: 8
    Warning (15610): No output dependent on input pin "SW[11]" File: C:/Users/LiuSeeker/Desktop/6o-semestre/design-computadores/descomp/componentes/topLevel/topLevel.vhd Line: 8
    Warning (15610): No output dependent on input pin "SW[12]" File: C:/Users/LiuSeeker/Desktop/6o-semestre/design-computadores/descomp/componentes/topLevel/topLevel.vhd Line: 8
    Warning (15610): No output dependent on input pin "SW[13]" File: C:/Users/LiuSeeker/Desktop/6o-semestre/design-computadores/descomp/componentes/topLevel/topLevel.vhd Line: 8
    Warning (15610): No output dependent on input pin "SW[14]" File: C:/Users/LiuSeeker/Desktop/6o-semestre/design-computadores/descomp/componentes/topLevel/topLevel.vhd Line: 8
    Warning (15610): No output dependent on input pin "SW[15]" File: C:/Users/LiuSeeker/Desktop/6o-semestre/design-computadores/descomp/componentes/topLevel/topLevel.vhd Line: 8
    Warning (15610): No output dependent on input pin "SW[16]" File: C:/Users/LiuSeeker/Desktop/6o-semestre/design-computadores/descomp/componentes/topLevel/topLevel.vhd Line: 8
    Warning (15610): No output dependent on input pin "SW[17]" File: C:/Users/LiuSeeker/Desktop/6o-semestre/design-computadores/descomp/componentes/topLevel/topLevel.vhd Line: 8
    Warning (15610): No output dependent on input pin "KEY[3]" File: C:/Users/LiuSeeker/Desktop/6o-semestre/design-computadores/descomp/componentes/topLevel/topLevel.vhd Line: 9
    Warning (15610): No output dependent on input pin "SW[0]" File: C:/Users/LiuSeeker/Desktop/6o-semestre/design-computadores/descomp/componentes/topLevel/topLevel.vhd Line: 8
Info (21057): Implemented 247 device resources after synthesis - the final resource count might be different
    Info (21058): Implemented 23 input pins
    Info (21059): Implemented 68 output pins
    Info (21061): Implemented 156 logic cells
Info: Quartus Prime Analysis & Synthesis was successful. 0 errors, 87 warnings
    Info: Peak virtual memory: 4816 megabytes
    Info: Processing ended: Mon Oct 07 16:04:41 2019
    Info: Elapsed time: 00:00:13
    Info: Total CPU time (on all processors): 00:00:27


