Analysis & Synthesis report for mips
Wed Nov 13 09:32:18 2019
Quartus Prime Version 17.1.0 Build 590 10/25/2017 SJ Lite Edition


---------------------
; Table of Contents ;
---------------------
  1. Legal Notice
  2. Analysis & Synthesis Summary
  3. Analysis & Synthesis Settings
  4. Parallel Compilation
  5. Analysis & Synthesis Source Files Read
  6. Analysis & Synthesis Resource Usage Summary
  7. Analysis & Synthesis Resource Utilization by Entity
  8. General Register Statistics
  9. Parameter Settings for User Entity Instance: fluxo_dados:FD
 10. Parameter Settings for User Entity Instance: fluxo_dados:FD|bancoRegistradores:BR
 11. Parameter Settings for User Entity Instance: fluxo_dados:FD|ULA:ULA
 12. Parameter Settings for User Entity Instance: fluxo_dados:FD|Registrador:PC
 13. Parameter Settings for User Entity Instance: fluxo_dados:FD|somador:Somador_imediato
 14. Parameter Settings for User Entity Instance: fluxo_dados:FD|soma4:Somador
 15. Parameter Settings for User Entity Instance: fluxo_dados:FD|ROM:ROM
 16. Parameter Settings for User Entity Instance: fluxo_dados:FD|single_port_RAM:RAM
 17. Parameter Settings for User Entity Instance: fluxo_dados:FD|estendeSinalGenerico:extensor
 18. Parameter Settings for User Entity Instance: fluxo_dados:FD|shift2_imediato:shift
 19. Parameter Settings for User Entity Instance: fluxo_dados:FD|shift2:shift_jump
 20. Parameter Settings for User Entity Instance: fluxo_dados:FD|muxGenerico2:mux_Ula_Memoria
 21. Parameter Settings for User Entity Instance: fluxo_dados:FD|muxGenerico2:mux_Rd_Rt
 22. Parameter Settings for User Entity Instance: fluxo_dados:FD|muxGenerico2:mux_Banco_Ula
 23. Parameter Settings for User Entity Instance: fluxo_dados:FD|muxGenerico2:mux_beq
 24. Parameter Settings for User Entity Instance: fluxo_dados:FD|muxGenerico2:mux_jump
 25. Port Connectivity Checks: "fluxo_dados:FD|Registrador:PC"
 26. Port Connectivity Checks: "fluxo_dados:FD"
 27. Post-Synthesis Netlist Statistics for Top Partition
 28. Elapsed Time Per Partition
 29. Analysis & Synthesis Messages



----------------
; Legal Notice ;
----------------
Copyright (C) 2017  Intel Corporation. All rights reserved.
Your use of Intel Corporation's design tools, logic functions 
and other software and tools, and its AMPP partner logic 
functions, and any output files from any of the foregoing 
(including device programming or simulation files), and any 
associated documentation or information are expressly subject 
to the terms and conditions of the Intel Program License 
Subscription Agreement, the Intel Quartus Prime License Agreement,
the Intel FPGA IP License Agreement, or other applicable license
agreement, including, without limitation, that your use is for
the sole purpose of programming logic devices manufactured by
Intel and sold by Intel or its authorized distributors.  Please
refer to the applicable agreement for further details.



+----------------------------------------------------------------------------------+
; Analysis & Synthesis Summary                                                     ;
+------------------------------------+---------------------------------------------+
; Analysis & Synthesis Status        ; Successful - Wed Nov 13 09:32:18 2019       ;
; Quartus Prime Version              ; 17.1.0 Build 590 10/25/2017 SJ Lite Edition ;
; Revision Name                      ; mips                                        ;
; Top-level Entity Name              ; mips                                        ;
; Family                             ; Cyclone IV E                                ;
; Total logic elements               ; 0                                           ;
;     Total combinational functions  ; 0                                           ;
;     Dedicated logic registers      ; 0                                           ;
; Total registers                    ; 0                                           ;
; Total pins                         ; 1                                           ;
; Total virtual pins                 ; 0                                           ;
; Total memory bits                  ; 0                                           ;
; Embedded Multiplier 9-bit elements ; 0                                           ;
; Total PLLs                         ; 0                                           ;
+------------------------------------+---------------------------------------------+


+----------------------------------------------------------------------------------------------------------------------+
; Analysis & Synthesis Settings                                                                                        ;
+----------------------------------------------------------------------------+--------------------+--------------------+
; Option                                                                     ; Setting            ; Default Value      ;
+----------------------------------------------------------------------------+--------------------+--------------------+
; Device                                                                     ; EP4CE115F29C7      ;                    ;
; Top-level entity name                                                      ; mips               ; mips               ;
; Family name                                                                ; Cyclone IV E       ; Cyclone V          ;
; Maximum processors allowed for parallel compilation                        ; All                ;                    ;
; VHDL Show LMF Mapping Messages                                             ; Off                ;                    ;
; VHDL Version                                                               ; VHDL_2008          ; VHDL_1993          ;
; Use smart compilation                                                      ; Off                ; Off                ;
; Enable parallel Assembler and TimeQuest Timing Analyzer during compilation ; On                 ; On                 ;
; Enable compact report table                                                ; Off                ; Off                ;
; Restructure Multiplexers                                                   ; Auto               ; Auto               ;
; Create Debugging Nodes for IP Cores                                        ; Off                ; Off                ;
; Preserve fewer node names                                                  ; On                 ; On                 ;
; Intel FPGA IP Evaluation Mode                                              ; Enable             ; Enable             ;
; Verilog Version                                                            ; Verilog_2001       ; Verilog_2001       ;
; State Machine Processing                                                   ; Auto               ; Auto               ;
; Safe State Machine                                                         ; Off                ; Off                ;
; Extract Verilog State Machines                                             ; On                 ; On                 ;
; Extract VHDL State Machines                                                ; On                 ; On                 ;
; Ignore Verilog initial constructs                                          ; Off                ; Off                ;
; Iteration limit for constant Verilog loops                                 ; 5000               ; 5000               ;
; Iteration limit for non-constant Verilog loops                             ; 250                ; 250                ;
; Add Pass-Through Logic to Inferred RAMs                                    ; On                 ; On                 ;
; Infer RAMs from Raw Logic                                                  ; On                 ; On                 ;
; Parallel Synthesis                                                         ; On                 ; On                 ;
; DSP Block Balancing                                                        ; Auto               ; Auto               ;
; NOT Gate Push-Back                                                         ; On                 ; On                 ;
; Power-Up Don't Care                                                        ; On                 ; On                 ;
; Remove Redundant Logic Cells                                               ; Off                ; Off                ;
; Remove Duplicate Registers                                                 ; On                 ; On                 ;
; Ignore CARRY Buffers                                                       ; Off                ; Off                ;
; Ignore CASCADE Buffers                                                     ; Off                ; Off                ;
; Ignore GLOBAL Buffers                                                      ; Off                ; Off                ;
; Ignore ROW GLOBAL Buffers                                                  ; Off                ; Off                ;
; Ignore LCELL Buffers                                                       ; Off                ; Off                ;
; Ignore SOFT Buffers                                                        ; On                 ; On                 ;
; Limit AHDL Integers to 32 Bits                                             ; Off                ; Off                ;
; Optimization Technique                                                     ; Balanced           ; Balanced           ;
; Carry Chain Length                                                         ; 70                 ; 70                 ;
; Auto Carry Chains                                                          ; On                 ; On                 ;
; Auto Open-Drain Pins                                                       ; On                 ; On                 ;
; Perform WYSIWYG Primitive Resynthesis                                      ; Off                ; Off                ;
; Auto ROM Replacement                                                       ; On                 ; On                 ;
; Auto RAM Replacement                                                       ; On                 ; On                 ;
; Auto DSP Block Replacement                                                 ; On                 ; On                 ;
; Auto Shift Register Replacement                                            ; Auto               ; Auto               ;
; Allow Shift Register Merging across Hierarchies                            ; Auto               ; Auto               ;
; Auto Clock Enable Replacement                                              ; On                 ; On                 ;
; Strict RAM Replacement                                                     ; Off                ; Off                ;
; Allow Synchronous Control Signals                                          ; On                 ; On                 ;
; Force Use of Synchronous Clear Signals                                     ; Off                ; Off                ;
; Auto RAM Block Balancing                                                   ; On                 ; On                 ;
; Auto RAM to Logic Cell Conversion                                          ; Off                ; Off                ;
; Auto Resource Sharing                                                      ; Off                ; Off                ;
; Allow Any RAM Size For Recognition                                         ; Off                ; Off                ;
; Allow Any ROM Size For Recognition                                         ; Off                ; Off                ;
; Allow Any Shift Register Size For Recognition                              ; Off                ; Off                ;
; Use LogicLock Constraints during Resource Balancing                        ; On                 ; On                 ;
; Ignore translate_off and synthesis_off directives                          ; Off                ; Off                ;
; Timing-Driven Synthesis                                                    ; On                 ; On                 ;
; Report Parameter Settings                                                  ; On                 ; On                 ;
; Report Source Assignments                                                  ; On                 ; On                 ;
; Report Connectivity Checks                                                 ; On                 ; On                 ;
; Ignore Maximum Fan-Out Assignments                                         ; Off                ; Off                ;
; Synchronization Register Chain Length                                      ; 2                  ; 2                  ;
; Power Optimization During Synthesis                                        ; Normal compilation ; Normal compilation ;
; HDL message level                                                          ; Level2             ; Level2             ;
; Suppress Register Optimization Related Messages                            ; Off                ; Off                ;
; Number of Removed Registers Reported in Synthesis Report                   ; 5000               ; 5000               ;
; Number of Swept Nodes Reported in Synthesis Report                         ; 5000               ; 5000               ;
; Number of Inverted Registers Reported in Synthesis Report                  ; 100                ; 100                ;
; Clock MUX Protection                                                       ; On                 ; On                 ;
; Auto Gated Clock Conversion                                                ; Off                ; Off                ;
; Block Design Naming                                                        ; Auto               ; Auto               ;
; SDC constraint protection                                                  ; Off                ; Off                ;
; Synthesis Effort                                                           ; Auto               ; Auto               ;
; Shift Register Replacement - Allow Asynchronous Clear Signal               ; On                 ; On                 ;
; Pre-Mapping Resynthesis Optimization                                       ; Off                ; Off                ;
; Analysis & Synthesis Message Level                                         ; Medium             ; Medium             ;
; Disable Register Merging Across Hierarchies                                ; Auto               ; Auto               ;
; Resource Aware Inference For Block RAM                                     ; On                 ; On                 ;
+----------------------------------------------------------------------------+--------------------+--------------------+


+------------------------------------------+
; Parallel Compilation                     ;
+----------------------------+-------------+
; Processors                 ; Number      ;
+----------------------------+-------------+
; Number detected on machine ; 8           ;
; Maximum allowed            ; 4           ;
;                            ;             ;
; Average used               ; 1.00        ;
; Maximum used               ; 1           ;
;                            ;             ;
; Usage by Processor         ; % Time Used ;
;     Processor 1            ; 100.0%      ;
+----------------------------+-------------+


+----------------------------------------------------------------------------------------------------------------------------------------------------------------------------------------+
; Analysis & Synthesis Source Files Read                                                                                                                                                 ;
+----------------------------------+-----------------+-----------------+-------------------------------------------------------------------------------------------------------+---------+
; File Name with User-Entered Path ; Used in Netlist ; File Type       ; File Name with Absolute Path                                                                          ; Library ;
+----------------------------------+-----------------+-----------------+-------------------------------------------------------------------------------------------------------+---------+
; ULA.vhd                          ; yes             ; User VHDL File  ; D:/Insper/Design de Computadores/descomp/Mips/Entrega UC/mips-SemUC_restored/ULA.vhd                  ;         ;
; UC_ULA.vhd                       ; yes             ; User VHDL File  ; D:/Insper/Design de Computadores/descomp/Mips/Entrega UC/mips-SemUC_restored/UC_ULA.vhd               ;         ;
; uc.vhd                           ; yes             ; User VHDL File  ; D:/Insper/Design de Computadores/descomp/Mips/Entrega UC/mips-SemUC_restored/uc.vhd                   ;         ;
; somador.vhd                      ; yes             ; User VHDL File  ; D:/Insper/Design de Computadores/descomp/Mips/Entrega UC/mips-SemUC_restored/somador.vhd              ;         ;
; soma4.vhd                        ; yes             ; User VHDL File  ; D:/Insper/Design de Computadores/descomp/Mips/Entrega UC/mips-SemUC_restored/soma4.vhd                ;         ;
; single_port_RAM.vhd              ; yes             ; User VHDL File  ; D:/Insper/Design de Computadores/descomp/Mips/Entrega UC/mips-SemUC_restored/single_port_RAM.vhd      ;         ;
; shift2_imediato.vhd              ; yes             ; User VHDL File  ; D:/Insper/Design de Computadores/descomp/Mips/Entrega UC/mips-SemUC_restored/shift2_imediato.vhd      ;         ;
; shift2.vhd                       ; yes             ; User VHDL File  ; D:/Insper/Design de Computadores/descomp/Mips/Entrega UC/mips-SemUC_restored/shift2.vhd               ;         ;
; ROM.vhd                          ; yes             ; User VHDL File  ; D:/Insper/Design de Computadores/descomp/Mips/Entrega UC/mips-SemUC_restored/ROM.vhd                  ;         ;
; Registrador.vhd                  ; yes             ; User VHDL File  ; D:/Insper/Design de Computadores/descomp/Mips/Entrega UC/mips-SemUC_restored/Registrador.vhd          ;         ;
; muxGenerico2.vhd                 ; yes             ; User VHDL File  ; D:/Insper/Design de Computadores/descomp/Mips/Entrega UC/mips-SemUC_restored/muxGenerico2.vhd         ;         ;
; mips.vhd                         ; yes             ; User VHDL File  ; D:/Insper/Design de Computadores/descomp/Mips/Entrega UC/mips-SemUC_restored/mips.vhd                 ;         ;
; fluxo_dados.vhd                  ; yes             ; User VHDL File  ; D:/Insper/Design de Computadores/descomp/Mips/Entrega UC/mips-SemUC_restored/fluxo_dados.vhd          ;         ;
; estendeSinalGenerico.vhd         ; yes             ; User VHDL File  ; D:/Insper/Design de Computadores/descomp/Mips/Entrega UC/mips-SemUC_restored/estendeSinalGenerico.vhd ;         ;
; constantesMIPS.vhd               ; yes             ; User VHDL File  ; D:/Insper/Design de Computadores/descomp/Mips/Entrega UC/mips-SemUC_restored/constantesMIPS.vhd       ;         ;
; bancoRegistradores.vhd           ; yes             ; User VHDL File  ; D:/Insper/Design de Computadores/descomp/Mips/Entrega UC/mips-SemUC_restored/bancoRegistradores.vhd   ;         ;
+----------------------------------+-----------------+-----------------+-------------------------------------------------------------------------------------------------------+---------+


+-----------------------------------------------------+
; Analysis & Synthesis Resource Usage Summary         ;
+---------------------------------------------+-------+
; Resource                                    ; Usage ;
+---------------------------------------------+-------+
;                                             ;       ;
; Total combinational functions               ; 0     ;
; Logic element usage by number of LUT inputs ;       ;
;     -- 4 input functions                    ; 0     ;
;     -- 3 input functions                    ; 0     ;
;     -- <=2 input functions                  ; 0     ;
;                                             ;       ;
; Logic elements by mode                      ;       ;
;     -- normal mode                          ; 0     ;
;     -- arithmetic mode                      ; 0     ;
;                                             ;       ;
; Total registers                             ; 0     ;
;     -- Dedicated logic registers            ; 0     ;
;     -- I/O registers                        ; 0     ;
;                                             ;       ;
; I/O pins                                    ; 1     ;
;                                             ;       ;
; Embedded Multiplier 9-bit elements          ; 0     ;
;                                             ;       ;
; Maximum fan-out node                        ; clk   ;
; Maximum fan-out                             ; 1     ;
; Total fan-out                               ; 1     ;
; Average fan-out                             ; 0.50  ;
+---------------------------------------------+-------+


+----------------------------------------------------------------------------------------------------------------------------------------------------------------------------------------------------------+
; Analysis & Synthesis Resource Utilization by Entity                                                                                                                                                      ;
+----------------------------+---------------------+---------------------------+-------------+--------------+---------+-----------+------+--------------+---------------------+-------------+--------------+
; Compilation Hierarchy Node ; Combinational ALUTs ; Dedicated Logic Registers ; Memory Bits ; DSP Elements ; DSP 9x9 ; DSP 18x18 ; Pins ; Virtual Pins ; Full Hierarchy Name ; Entity Name ; Library Name ;
+----------------------------+---------------------+---------------------------+-------------+--------------+---------+-----------+------+--------------+---------------------+-------------+--------------+
; |mips                      ; 0 (0)               ; 0 (0)                     ; 0           ; 0            ; 0       ; 0         ; 1    ; 0            ; |mips               ; mips        ; work         ;
+----------------------------+---------------------+---------------------------+-------------+--------------+---------+-----------+------+--------------+---------------------+-------------+--------------+
Note: For table entries with two numbers listed, the numbers in parentheses indicate the number of resources of the given type used by the specific entity alone. The numbers listed outside of parentheses indicate the total resources of the given type used by the specific entity and all of its sub-entities in the hierarchy.


+------------------------------------------------------+
; General Register Statistics                          ;
+----------------------------------------------+-------+
; Statistic                                    ; Value ;
+----------------------------------------------+-------+
; Total registers                              ; 0     ;
; Number of registers using Synchronous Clear  ; 0     ;
; Number of registers using Synchronous Load   ; 0     ;
; Number of registers using Asynchronous Clear ; 0     ;
; Number of registers using Asynchronous Load  ; 0     ;
; Number of registers using Clock Enable       ; 0     ;
; Number of registers using Preset             ; 0     ;
+----------------------------------------------+-------+


+-------------------------------------------------------------+
; Parameter Settings for User Entity Instance: fluxo_dados:FD ;
+----------------+-------+------------------------------------+
; Parameter Name ; Value ; Type                               ;
+----------------+-------+------------------------------------+
; largurarom     ; 8     ; Signed Integer                     ;
+----------------+-------+------------------------------------+
Note: In order to hide this table in the UI and the text report file, please set the "Show Parameter Settings in Synthesis Report" option in "Analysis and Synthesis Settings -> More Settings" to "Off".


+-----------------------------------------------------------------------------------+
; Parameter Settings for User Entity Instance: fluxo_dados:FD|bancoRegistradores:BR ;
+---------------------+-------+-----------------------------------------------------+
; Parameter Name      ; Value ; Type                                                ;
+---------------------+-------+-----------------------------------------------------+
; larguradados        ; 32    ; Signed Integer                                      ;
; larguraendbancoregs ; 5     ; Signed Integer                                      ;
+---------------------+-------+-----------------------------------------------------+
Note: In order to hide this table in the UI and the text report file, please set the "Show Parameter Settings in Synthesis Report" option in "Analysis and Synthesis Settings -> More Settings" to "Off".


+---------------------------------------------------------------------+
; Parameter Settings for User Entity Instance: fluxo_dados:FD|ULA:ULA ;
+----------------+-------+--------------------------------------------+
; Parameter Name ; Value ; Type                                       ;
+----------------+-------+--------------------------------------------+
; num_bits       ; 32    ; Signed Integer                             ;
+----------------+-------+--------------------------------------------+
Note: In order to hide this table in the UI and the text report file, please set the "Show Parameter Settings in Synthesis Report" option in "Analysis and Synthesis Settings -> More Settings" to "Off".


+----------------------------------------------------------------------------+
; Parameter Settings for User Entity Instance: fluxo_dados:FD|Registrador:PC ;
+----------------+-------+---------------------------------------------------+
; Parameter Name ; Value ; Type                                              ;
+----------------+-------+---------------------------------------------------+
; num_bits       ; 32    ; Signed Integer                                    ;
+----------------+-------+---------------------------------------------------+
Note: In order to hide this table in the UI and the text report file, please set the "Show Parameter Settings in Synthesis Report" option in "Analysis and Synthesis Settings -> More Settings" to "Off".


+--------------------------------------------------------------------------------------+
; Parameter Settings for User Entity Instance: fluxo_dados:FD|somador:Somador_imediato ;
+----------------+-------+-------------------------------------------------------------+
; Parameter Name ; Value ; Type                                                        ;
+----------------+-------+-------------------------------------------------------------+
; larguradados   ; 32    ; Signed Integer                                              ;
+----------------+-------+-------------------------------------------------------------+
Note: In order to hide this table in the UI and the text report file, please set the "Show Parameter Settings in Synthesis Report" option in "Analysis and Synthesis Settings -> More Settings" to "Off".


+---------------------------------------------------------------------------+
; Parameter Settings for User Entity Instance: fluxo_dados:FD|soma4:Somador ;
+----------------+-------+--------------------------------------------------+
; Parameter Name ; Value ; Type                                             ;
+----------------+-------+--------------------------------------------------+
; larguradados   ; 32    ; Signed Integer                                   ;
; incremento     ; 4     ; Signed Integer                                   ;
+----------------+-------+--------------------------------------------------+
Note: In order to hide this table in the UI and the text report file, please set the "Show Parameter Settings in Synthesis Report" option in "Analysis and Synthesis Settings -> More Settings" to "Off".


+---------------------------------------------------------------------+
; Parameter Settings for User Entity Instance: fluxo_dados:FD|ROM:ROM ;
+-----------------+-------+-------------------------------------------+
; Parameter Name  ; Value ; Type                                      ;
+-----------------+-------+-------------------------------------------+
; datawidth       ; 32    ; Signed Integer                            ;
; addrwidth       ; 8     ; Signed Integer                            ;
; memoryaddrwidth ; 6     ; Signed Integer                            ;
+-----------------+-------+-------------------------------------------+
Note: In order to hide this table in the UI and the text report file, please set the "Show Parameter Settings in Synthesis Report" option in "Analysis and Synthesis Settings -> More Settings" to "Off".


+---------------------------------------------------------------------------------+
; Parameter Settings for User Entity Instance: fluxo_dados:FD|single_port_RAM:RAM ;
+-----------------+-------+-------------------------------------------------------+
; Parameter Name  ; Value ; Type                                                  ;
+-----------------+-------+-------------------------------------------------------+
; datawidth       ; 32    ; Signed Integer                                        ;
; addrwidth       ; 32    ; Signed Integer                                        ;
; memoryaddrwidth ; 6     ; Signed Integer                                        ;
+-----------------+-------+-------------------------------------------------------+
Note: In order to hide this table in the UI and the text report file, please set the "Show Parameter Settings in Synthesis Report" option in "Analysis and Synthesis Settings -> More Settings" to "Off".


+-------------------------------------------------------------------------------------------+
; Parameter Settings for User Entity Instance: fluxo_dados:FD|estendeSinalGenerico:extensor ;
+--------------------+-------+--------------------------------------------------------------+
; Parameter Name     ; Value ; Type                                                         ;
+--------------------+-------+--------------------------------------------------------------+
; larguradadoentrada ; 16    ; Signed Integer                                               ;
; larguradadosaida   ; 32    ; Signed Integer                                               ;
+--------------------+-------+--------------------------------------------------------------+
Note: In order to hide this table in the UI and the text report file, please set the "Show Parameter Settings in Synthesis Report" option in "Analysis and Synthesis Settings -> More Settings" to "Off".


+-----------------------------------------------------------------------------------+
; Parameter Settings for User Entity Instance: fluxo_dados:FD|shift2_imediato:shift ;
+----------------+-------+----------------------------------------------------------+
; Parameter Name ; Value ; Type                                                     ;
+----------------+-------+----------------------------------------------------------+
; larguradado    ; 32    ; Signed Integer                                           ;
+----------------+-------+----------------------------------------------------------+
Note: In order to hide this table in the UI and the text report file, please set the "Show Parameter Settings in Synthesis Report" option in "Analysis and Synthesis Settings -> More Settings" to "Off".


+-------------------------------------------------------------------------------+
; Parameter Settings for User Entity Instance: fluxo_dados:FD|shift2:shift_jump ;
+----------------+-------+------------------------------------------------------+
; Parameter Name ; Value ; Type                                                 ;
+----------------+-------+------------------------------------------------------+
; larguradado    ; 26    ; Signed Integer                                       ;
+----------------+-------+------------------------------------------------------+
Note: In order to hide this table in the UI and the text report file, please set the "Show Parameter Settings in Synthesis Report" option in "Analysis and Synthesis Settings -> More Settings" to "Off".


+------------------------------------------------------------------------------------------+
; Parameter Settings for User Entity Instance: fluxo_dados:FD|muxGenerico2:mux_Ula_Memoria ;
+----------------+-------+-----------------------------------------------------------------+
; Parameter Name ; Value ; Type                                                            ;
+----------------+-------+-----------------------------------------------------------------+
; larguradados   ; 32    ; Signed Integer                                                  ;
+----------------+-------+-----------------------------------------------------------------+
Note: In order to hide this table in the UI and the text report file, please set the "Show Parameter Settings in Synthesis Report" option in "Analysis and Synthesis Settings -> More Settings" to "Off".


+------------------------------------------------------------------------------------+
; Parameter Settings for User Entity Instance: fluxo_dados:FD|muxGenerico2:mux_Rd_Rt ;
+----------------+-------+-----------------------------------------------------------+
; Parameter Name ; Value ; Type                                                      ;
+----------------+-------+-----------------------------------------------------------+
; larguradados   ; 5     ; Signed Integer                                            ;
+----------------+-------+-----------------------------------------------------------+
Note: In order to hide this table in the UI and the text report file, please set the "Show Parameter Settings in Synthesis Report" option in "Analysis and Synthesis Settings -> More Settings" to "Off".


+----------------------------------------------------------------------------------------+
; Parameter Settings for User Entity Instance: fluxo_dados:FD|muxGenerico2:mux_Banco_Ula ;
+----------------+-------+---------------------------------------------------------------+
; Parameter Name ; Value ; Type                                                          ;
+----------------+-------+---------------------------------------------------------------+
; larguradados   ; 32    ; Signed Integer                                                ;
+----------------+-------+---------------------------------------------------------------+
Note: In order to hide this table in the UI and the text report file, please set the "Show Parameter Settings in Synthesis Report" option in "Analysis and Synthesis Settings -> More Settings" to "Off".


+----------------------------------------------------------------------------------+
; Parameter Settings for User Entity Instance: fluxo_dados:FD|muxGenerico2:mux_beq ;
+----------------+-------+---------------------------------------------------------+
; Parameter Name ; Value ; Type                                                    ;
+----------------+-------+---------------------------------------------------------+
; larguradados   ; 32    ; Signed Integer                                          ;
+----------------+-------+---------------------------------------------------------+
Note: In order to hide this table in the UI and the text report file, please set the "Show Parameter Settings in Synthesis Report" option in "Analysis and Synthesis Settings -> More Settings" to "Off".


+-----------------------------------------------------------------------------------+
; Parameter Settings for User Entity Instance: fluxo_dados:FD|muxGenerico2:mux_jump ;
+----------------+-------+----------------------------------------------------------+
; Parameter Name ; Value ; Type                                                     ;
+----------------+-------+----------------------------------------------------------+
; larguradados   ; 32    ; Signed Integer                                           ;
+----------------+-------+----------------------------------------------------------+
Note: In order to hide this table in the UI and the text report file, please set the "Show Parameter Settings in Synthesis Report" option in "Analysis and Synthesis Settings -> More Settings" to "Off".


+-----------------------------------------------------------+
; Port Connectivity Checks: "fluxo_dados:FD|Registrador:PC" ;
+--------+-------+----------+-------------------------------+
; Port   ; Type  ; Severity ; Details                       ;
+--------+-------+----------+-------------------------------+
; enable ; Input ; Info     ; Stuck at VCC                  ;
; reset  ; Input ; Info     ; Stuck at VCC                  ;
+--------+-------+----------+-------------------------------+


+----------------------------------------------------------------------------------------------------------------------------+
; Port Connectivity Checks: "fluxo_dados:FD"                                                                                 ;
+------------------+--------+----------+-------------------------------------------------------------------------------------+
; Port             ; Type   ; Severity ; Details                                                                             ;
+------------------+--------+----------+-------------------------------------------------------------------------------------+
; instrucao[25..0] ; Output ; Info     ; Connected to dangling logic. Logic that only feeds a dangling port will be removed. ;
+------------------+--------+----------+-------------------------------------------------------------------------------------+


+-----------------------------------------------------+
; Post-Synthesis Netlist Statistics for Top Partition ;
+-------------------+---------------------------------+
; Type              ; Count                           ;
+-------------------+---------------------------------+
; boundary_port     ; 1                               ;
;                   ;                                 ;
; Max LUT depth     ; 0.00                            ;
; Average LUT depth ; 0.00                            ;
+-------------------+---------------------------------+


+-------------------------------+
; Elapsed Time Per Partition    ;
+----------------+--------------+
; Partition Name ; Elapsed Time ;
+----------------+--------------+
; Top            ; 00:00:01     ;
+----------------+--------------+


+-------------------------------+
; Analysis & Synthesis Messages ;
+-------------------------------+
Info: *******************************************************************
Info: Running Quartus Prime Analysis & Synthesis
    Info: Version 17.1.0 Build 590 10/25/2017 SJ Lite Edition
    Info: Processing started: Wed Nov 13 09:32:05 2019
Info: Command: quartus_map --read_settings_files=on --write_settings_files=off mips -c mips
Info (20030): Parallel compilation is enabled and will use 4 of the 4 processors detected
Info (12021): Found 2 design units, including 1 entities, in source file ula.vhd
    Info (12022): Found design unit 1: ULA-behv File: D:/Insper/Design de Computadores/descomp/Mips/Entrega UC/mips-SemUC_restored/ULA.vhd Line: 24
    Info (12023): Found entity 1: ULA File: D:/Insper/Design de Computadores/descomp/Mips/Entrega UC/mips-SemUC_restored/ULA.vhd Line: 9
Info (12021): Found 2 design units, including 1 entities, in source file uc_ula.vhd
    Info (12022): Found design unit 1: UC_ULA-bhv File: D:/Insper/Design de Computadores/descomp/Mips/Entrega UC/mips-SemUC_restored/UC_ULA.vhd Line: 18
    Info (12023): Found entity 1: UC_ULA File: D:/Insper/Design de Computadores/descomp/Mips/Entrega UC/mips-SemUC_restored/UC_ULA.vhd Line: 9
Info (12021): Found 2 design units, including 1 entities, in source file uc.vhd
    Info (12022): Found design unit 1: uc-bhv File: D:/Insper/Design de Computadores/descomp/Mips/Entrega UC/mips-SemUC_restored/uc.vhd Line: 17
    Info (12023): Found entity 1: uc File: D:/Insper/Design de Computadores/descomp/Mips/Entrega UC/mips-SemUC_restored/uc.vhd Line: 9
Info (12021): Found 2 design units, including 1 entities, in source file somador.vhd
    Info (12022): Found design unit 1: somador-comportamento File: D:/Insper/Design de Computadores/descomp/Mips/Entrega UC/mips-SemUC_restored/somador.vhd Line: 18
    Info (12023): Found entity 1: somador File: D:/Insper/Design de Computadores/descomp/Mips/Entrega UC/mips-SemUC_restored/somador.vhd Line: 5
Info (12021): Found 2 design units, including 1 entities, in source file soma4.vhd
    Info (12022): Found design unit 1: soma4-comportamento File: D:/Insper/Design de Computadores/descomp/Mips/Entrega UC/mips-SemUC_restored/soma4.vhd Line: 18
    Info (12023): Found entity 1: soma4 File: D:/Insper/Design de Computadores/descomp/Mips/Entrega UC/mips-SemUC_restored/soma4.vhd Line: 5
Info (12021): Found 2 design units, including 1 entities, in source file single_port_ram.vhd
    Info (12022): Found design unit 1: single_port_RAM-rtl File: D:/Insper/Design de Computadores/descomp/Mips/Entrega UC/mips-SemUC_restored/single_port_RAM.vhd Line: 20
    Info (12023): Found entity 1: single_port_RAM File: D:/Insper/Design de Computadores/descomp/Mips/Entrega UC/mips-SemUC_restored/single_port_RAM.vhd Line: 5
Info (12021): Found 2 design units, including 1 entities, in source file shift2_imediato.vhd
    Info (12022): Found design unit 1: shift2_imediato-comportamento File: D:/Insper/Design de Computadores/descomp/Mips/Entrega UC/mips-SemUC_restored/shift2_imediato.vhd Line: 16
    Info (12023): Found entity 1: shift2_imediato File: D:/Insper/Design de Computadores/descomp/Mips/Entrega UC/mips-SemUC_restored/shift2_imediato.vhd Line: 4
Info (12021): Found 2 design units, including 1 entities, in source file shift2.vhd
    Info (12022): Found design unit 1: shift2-comportamento File: D:/Insper/Design de Computadores/descomp/Mips/Entrega UC/mips-SemUC_restored/shift2.vhd Line: 16
    Info (12023): Found entity 1: shift2 File: D:/Insper/Design de Computadores/descomp/Mips/Entrega UC/mips-SemUC_restored/shift2.vhd Line: 4
Info (12021): Found 2 design units, including 1 entities, in source file rom.vhd
    Info (12022): Found design unit 1: ROM-assincrona File: D:/Insper/Design de Computadores/descomp/Mips/Entrega UC/mips-SemUC_restored/ROM.vhd Line: 15
    Info (12023): Found entity 1: ROM File: D:/Insper/Design de Computadores/descomp/Mips/Entrega UC/mips-SemUC_restored/ROM.vhd Line: 6
Info (12021): Found 2 design units, including 1 entities, in source file registrador.vhd
    Info (12022): Found design unit 1: Registrador-rtl File: D:/Insper/Design de Computadores/descomp/Mips/Entrega UC/mips-SemUC_restored/Registrador.vhd Line: 26
    Info (12023): Found entity 1: Registrador File: D:/Insper/Design de Computadores/descomp/Mips/Entrega UC/mips-SemUC_restored/Registrador.vhd Line: 8
Info (12021): Found 2 design units, including 1 entities, in source file muxgenerico2.vhd
    Info (12022): Found design unit 1: muxGenerico2-comportamento File: D:/Insper/Design de Computadores/descomp/Mips/Entrega UC/mips-SemUC_restored/muxGenerico2.vhd Line: 17
    Info (12023): Found entity 1: muxGenerico2 File: D:/Insper/Design de Computadores/descomp/Mips/Entrega UC/mips-SemUC_restored/muxGenerico2.vhd Line: 4
Info (12021): Found 2 design units, including 1 entities, in source file mips.vhd
    Info (12022): Found design unit 1: mips-estrutural File: D:/Insper/Design de Computadores/descomp/Mips/Entrega UC/mips-SemUC_restored/mips.vhd Line: 16
    Info (12023): Found entity 1: mips File: D:/Insper/Design de Computadores/descomp/Mips/Entrega UC/mips-SemUC_restored/mips.vhd Line: 9
Info (12021): Found 2 design units, including 1 entities, in source file fluxo_dados.vhd
    Info (12022): Found design unit 1: fluxo_dados-estrutural File: D:/Insper/Design de Computadores/descomp/Mips/Entrega UC/mips-SemUC_restored/fluxo_dados.vhd Line: 21
    Info (12023): Found entity 1: fluxo_dados File: D:/Insper/Design de Computadores/descomp/Mips/Entrega UC/mips-SemUC_restored/fluxo_dados.vhd Line: 9
Info (12021): Found 2 design units, including 1 entities, in source file estendesinalgenerico.vhd
    Info (12022): Found design unit 1: estendeSinalGenerico-comportamento File: D:/Insper/Design de Computadores/descomp/Mips/Entrega UC/mips-SemUC_restored/estendeSinalGenerico.vhd Line: 19
    Info (12023): Found entity 1: estendeSinalGenerico File: D:/Insper/Design de Computadores/descomp/Mips/Entrega UC/mips-SemUC_restored/estendeSinalGenerico.vhd Line: 4
Info (12021): Found 1 design units, including 0 entities, in source file constantesmips.vhd
    Info (12022): Found design unit 1: constantesMIPS File: D:/Insper/Design de Computadores/descomp/Mips/Entrega UC/mips-SemUC_restored/constantesMIPS.vhd Line: 5
Info (12021): Found 2 design units, including 1 entities, in source file clock_generator.vhd
    Info (12022): Found design unit 1: clock_generator-test File: D:/Insper/Design de Computadores/descomp/Mips/Entrega UC/mips-SemUC_restored/clock_generator.vhd Line: 18
    Info (12023): Found entity 1: clock_generator File: D:/Insper/Design de Computadores/descomp/Mips/Entrega UC/mips-SemUC_restored/clock_generator.vhd Line: 4
Info (12021): Found 2 design units, including 1 entities, in source file bancoregistradores.vhd
    Info (12022): Found design unit 1: bancoRegistradores-rtl File: D:/Insper/Design de Computadores/descomp/Mips/Entrega UC/mips-SemUC_restored/bancoRegistradores.vhd Line: 30
    Info (12023): Found entity 1: bancoRegistradores File: D:/Insper/Design de Computadores/descomp/Mips/Entrega UC/mips-SemUC_restored/bancoRegistradores.vhd Line: 6
Info (12127): Elaborating entity "mips" for the top level hierarchy
Info (12128): Elaborating entity "fluxo_dados" for hierarchy "fluxo_dados:FD" File: D:/Insper/Design de Computadores/descomp/Mips/Entrega UC/mips-SemUC_restored/mips.vhd Line: 33
Info (12128): Elaborating entity "bancoRegistradores" for hierarchy "fluxo_dados:FD|bancoRegistradores:BR" File: D:/Insper/Design de Computadores/descomp/Mips/Entrega UC/mips-SemUC_restored/fluxo_dados.vhd Line: 84
Info (12128): Elaborating entity "ULA" for hierarchy "fluxo_dados:FD|ULA:ULA" File: D:/Insper/Design de Computadores/descomp/Mips/Entrega UC/mips-SemUC_restored/fluxo_dados.vhd Line: 101
Info (12128): Elaborating entity "UC_ULA" for hierarchy "fluxo_dados:FD|UC_ULA:UCULA" File: D:/Insper/Design de Computadores/descomp/Mips/Entrega UC/mips-SemUC_restored/fluxo_dados.vhd Line: 113
Info (12128): Elaborating entity "Registrador" for hierarchy "fluxo_dados:FD|Registrador:PC" File: D:/Insper/Design de Computadores/descomp/Mips/Entrega UC/mips-SemUC_restored/fluxo_dados.vhd Line: 122
Info (12128): Elaborating entity "somador" for hierarchy "fluxo_dados:FD|somador:Somador_imediato" File: D:/Insper/Design de Computadores/descomp/Mips/Entrega UC/mips-SemUC_restored/fluxo_dados.vhd Line: 134
Info (12128): Elaborating entity "soma4" for hierarchy "fluxo_dados:FD|soma4:Somador" File: D:/Insper/Design de Computadores/descomp/Mips/Entrega UC/mips-SemUC_restored/fluxo_dados.vhd Line: 144
Info (12128): Elaborating entity "ROM" for hierarchy "fluxo_dados:FD|ROM:ROM" File: D:/Insper/Design de Computadores/descomp/Mips/Entrega UC/mips-SemUC_restored/fluxo_dados.vhd Line: 154
Info (12128): Elaborating entity "single_port_RAM" for hierarchy "fluxo_dados:FD|single_port_RAM:RAM" File: D:/Insper/Design de Computadores/descomp/Mips/Entrega UC/mips-SemUC_restored/fluxo_dados.vhd Line: 165
Info (12128): Elaborating entity "estendeSinalGenerico" for hierarchy "fluxo_dados:FD|estendeSinalGenerico:extensor" File: D:/Insper/Design de Computadores/descomp/Mips/Entrega UC/mips-SemUC_restored/fluxo_dados.vhd Line: 180
Info (12128): Elaborating entity "shift2_imediato" for hierarchy "fluxo_dados:FD|shift2_imediato:shift" File: D:/Insper/Design de Computadores/descomp/Mips/Entrega UC/mips-SemUC_restored/fluxo_dados.vhd Line: 190
Info (12128): Elaborating entity "shift2" for hierarchy "fluxo_dados:FD|shift2:shift_jump" File: D:/Insper/Design de Computadores/descomp/Mips/Entrega UC/mips-SemUC_restored/fluxo_dados.vhd Line: 200
Info (12128): Elaborating entity "muxGenerico2" for hierarchy "fluxo_dados:FD|muxGenerico2:mux_Ula_Memoria" File: D:/Insper/Design de Computadores/descomp/Mips/Entrega UC/mips-SemUC_restored/fluxo_dados.vhd Line: 210
Info (12128): Elaborating entity "muxGenerico2" for hierarchy "fluxo_dados:FD|muxGenerico2:mux_Rd_Rt" File: D:/Insper/Design de Computadores/descomp/Mips/Entrega UC/mips-SemUC_restored/fluxo_dados.vhd Line: 221
Info (12128): Elaborating entity "uc" for hierarchy "uc:UC" File: D:/Insper/Design de Computadores/descomp/Mips/Entrega UC/mips-SemUC_restored/mips.vhd Line: 41
Info (16010): Generating hard_block partition "hard_block:auto_generated_inst"
    Info (16011): Adding 0 node(s), including 0 DDIO, 0 PLL, 0 transceiver and 0 LCELL
Warning (21074): Design contains 1 input pin(s) that do not drive logic
    Warning (15610): No output dependent on input pin "clk" File: D:/Insper/Design de Computadores/descomp/Mips/Entrega UC/mips-SemUC_restored/mips.vhd Line: 12
Info (21057): Implemented 1 device resources after synthesis - the final resource count might be different
    Info (21058): Implemented 1 input pins
    Info (21059): Implemented 0 output pins
Info: Quartus Prime Analysis & Synthesis was successful. 0 errors, 2 warnings
    Info: Peak virtual memory: 4804 megabytes
    Info: Processing ended: Wed Nov 13 09:32:18 2019
    Info: Elapsed time: 00:00:13
    Info: Total CPU time (on all processors): 00:00:25


